[  2%] Built target aikido_external_hauserparabolicsmoother
[  4%] Built target aikido_external_kunzretimer
[  8%] Built target aikido_common
[ 18%] Built target aikido_statespace
[ 25%] Built target aikido_distance
[ 27%] Built target aikido_trajectory
[ 43%] Built target aikido_constraint
[ 60%] Built target aikido_planner
[ 66%] Built target aikido_planner_ompl
[ 68%] Built target aikido_planner_parabolic
[ 75%] Built target aikido_planner_vectorfield
[ 75%] Built target aikido_planner_kunzretimer
[ 81%] Built target aikido_rviz
[ 85%] Built target aikido_control
[ 89%] Built target aikido_control_ros
[ 91%] Built target aikido_io
[ 95%] Built target aikido_perception
[100%] Built target aikido_robot
[100%] Built target aikido_robot_ros
[36mInstall the project...[0m
-- Install configuration: ""
-- Installing: /home/emprise/wholearm_ws/controller_ws/devel/include/aikido/version.hpp
-- Up-to-date: /home/emprise/wholearm_ws/controller_ws/devel/include
-- Up-to-date: /home/emprise/wholearm_ws/controller_ws/devel/include/aikido
-- Installing: /home/emprise/wholearm_ws/controller_ws/devel/include/aikido/distance.hpp
-- Installing: /home/emprise/wholearm_ws/controller_ws/devel/include/aikido/rviz.hpp
-- Installing: /home/emprise/wholearm_ws/controller_ws/devel/include/aikido/statespace.hpp
-- Installing: /home/emprise/wholearm_ws/controller_ws/devel/include/aikido/trajectory
-- Installing: /home/emprise/wholearm_ws/controller_ws/devel/include/aikido/trajectory/Spline.hpp
-- Installing: /home/emprise/wholearm_ws/controller_ws/devel/include/aikido/trajectory/Interpolated.hpp
-- Installing: /home/emprise/wholearm_ws/controller_ws/devel/include/aikido/trajectory/BSpline.hpp
-- Installing: /home/emprise/wholearm_ws/controller_ws/devel/include/aikido/trajectory/util.hpp
-- Installing: /home/emprise/wholearm_ws/controller_ws/devel/include/aikido/trajectory/Trajectory.hpp
-- Installing: /home/emprise/wholearm_ws/controller_ws/devel/include/aikido/trajectory/TrajectoryMetadata.hpp
-- Installing: /home/emprise/wholearm_ws/controller_ws/devel/include/aikido/planner
-- Installing: /home/emprise/wholearm_ws/controller_ws/devel/include/aikido/planner/kunzretimer
-- Installing: /home/emprise/wholearm_ws/controller_ws/devel/include/aikido/planner/kunzretimer/KunzRetimer.hpp
-- Installing: /home/emprise/wholearm_ws/controller_ws/devel/include/aikido/planner/ompl
-- Installing: /home/emprise/wholearm_ws/controller_ws/devel/include/aikido/planner/ompl/GeometricStateSpace.hpp
-- Installing: /home/emprise/wholearm_ws/controller_ws/devel/include/aikido/planner/ompl/GoalRegion.hpp
-- Installing: /home/emprise/wholearm_ws/controller_ws/devel/include/aikido/planner/ompl/BackwardCompatibility.hpp
-- Installing: /home/emprise/wholearm_ws/controller_ws/devel/include/aikido/planner/ompl/dart.hpp
-- Installing: /home/emprise/wholearm_ws/controller_ws/devel/include/aikido/planner/ompl/CRRTConnect.hpp
-- Installing: /home/emprise/wholearm_ws/controller_ws/devel/include/aikido/planner/ompl/CRRT.hpp
-- Installing: /home/emprise/wholearm_ws/controller_ws/devel/include/aikido/planner/ompl/Planner.hpp
-- Installing: /home/emprise/wholearm_ws/controller_ws/devel/include/aikido/planner/ompl/StateSampler.hpp
-- Installing: /home/emprise/wholearm_ws/controller_ws/devel/include/aikido/planner/ompl/OMPLConfigurationToConfigurationPlanner.hpp
-- Installing: /home/emprise/wholearm_ws/controller_ws/devel/include/aikido/planner/ompl/StateValidityChecker.hpp
-- Installing: /home/emprise/wholearm_ws/controller_ws/devel/include/aikido/planner/ompl/MotionValidator.hpp
-- Installing: /home/emprise/wholearm_ws/controller_ws/devel/include/aikido/planner/ompl/detail
-- Installing: /home/emprise/wholearm_ws/controller_ws/devel/include/aikido/planner/ompl/detail/CRRT-impl.hpp
-- Installing: /home/emprise/wholearm_ws/controller_ws/devel/include/aikido/planner/ompl/detail/Planner-impl.hpp
-- Installing: /home/emprise/wholearm_ws/controller_ws/devel/include/aikido/planner/ompl/detail/CRRTConnect-impl.hpp
-- Installing: /home/emprise/wholearm_ws/controller_ws/devel/include/aikido/planner/ompl/detail/OMPLConfigurationToConfigurationPlanner-impl.hpp
-- Installing: /home/emprise/wholearm_ws/controller_ws/devel/include/aikido/planner/SequenceMetaPlanner.hpp
-- Installing: /home/emprise/wholearm_ws/controller_ws/devel/include/aikido/planner/ConfigurationToConfiguration.hpp
-- Installing: /home/emprise/wholearm_ws/controller_ws/devel/include/aikido/planner/parabolic
-- Installing: /home/emprise/wholearm_ws/controller_ws/devel/include/aikido/planner/parabolic/ParabolicSmoother.hpp
-- Installing: /home/emprise/wholearm_ws/controller_ws/devel/include/aikido/planner/parabolic/ParabolicTimer.hpp
-- Installing: /home/emprise/wholearm_ws/controller_ws/devel/include/aikido/planner/ConfigurationToConfigurationPlanner.hpp
-- Installing: /home/emprise/wholearm_ws/controller_ws/devel/include/aikido/planner/FirstSupportedMetaPlanner.hpp
-- Installing: /home/emprise/wholearm_ws/controller_ws/devel/include/aikido/planner/CompositePlanner.hpp
-- Installing: /home/emprise/wholearm_ws/controller_ws/devel/include/aikido/planner/ConfigurationToConfigurations.hpp
-- Installing: /home/emprise/wholearm_ws/controller_ws/devel/include/aikido/planner/dart
-- Installing: /home/emprise/wholearm_ws/controller_ws/devel/include/aikido/planner/dart/ConfigurationToConfiguration_to_ConfigurationToTSR.hpp
-- Installing: /home/emprise/wholearm_ws/controller_ws/devel/include/aikido/planner/dart/ConfigurationToEndEffectorOffsetPlanner.hpp
-- Installing: /home/emprise/wholearm_ws/controller_ws/devel/include/aikido/planner/dart/ConfigurationToConfiguration.hpp
-- Installing: /home/emprise/wholearm_ws/controller_ws/devel/include/aikido/planner/dart/PlannerAdapter.hpp
-- Installing: /home/emprise/wholearm_ws/controller_ws/devel/include/aikido/planner/dart/ConfigurationToEndEffectorPosePlanner.hpp
-- Installing: /home/emprise/wholearm_ws/controller_ws/devel/include/aikido/planner/dart/util.hpp
-- Installing: /home/emprise/wholearm_ws/controller_ws/devel/include/aikido/planner/dart/ConfigurationToConfigurationPlanner.hpp
-- Installing: /home/emprise/wholearm_ws/controller_ws/devel/include/aikido/planner/dart/ConfigurationToConfiguration_to_ConfigurationToConfigurations.hpp
-- Installing: /home/emprise/wholearm_ws/controller_ws/devel/include/aikido/planner/dart/ConfigurationToEndEffectorPose.hpp
-- Installing: /home/emprise/wholearm_ws/controller_ws/devel/include/aikido/planner/dart/ConfigurationToConfigurations.hpp
-- Installing: /home/emprise/wholearm_ws/controller_ws/devel/include/aikido/planner/dart/SingleProblemPlanner.hpp
-- Installing: /home/emprise/wholearm_ws/controller_ws/devel/include/aikido/planner/dart/ConfigurationToTSRPlanner.hpp
-- Installing: /home/emprise/wholearm_ws/controller_ws/devel/include/aikido/planner/dart/ConfigurationToConfiguration_to_ConfigurationToConfiguration.hpp
-- Installing: /home/emprise/wholearm_ws/controller_ws/devel/include/aikido/planner/dart/ConfigurationToConfigurationsPlanner.hpp
-- Installing: /home/emprise/wholearm_ws/controller_ws/devel/include/aikido/planner/dart/ConfigurationToTSR.hpp
-- Installing: /home/emprise/wholearm_ws/controller_ws/devel/include/aikido/planner/dart/ConfigurationToEndEffectorOffset.hpp
-- Installing: /home/emprise/wholearm_ws/controller_ws/devel/include/aikido/planner/dart/detail
-- Installing: /home/emprise/wholearm_ws/controller_ws/devel/include/aikido/planner/dart/detail/PlannerAdapter-impl.hpp
-- Installing: /home/emprise/wholearm_ws/controller_ws/devel/include/aikido/planner/dart/detail/SingleProblemPlanner-impl.hpp
-- Installing: /home/emprise/wholearm_ws/controller_ws/devel/include/aikido/planner/SingleProblemPlanner.hpp
-- Installing: /home/emprise/wholearm_ws/controller_ws/devel/include/aikido/planner/TrajectoryPostProcessor.hpp
-- Installing: /home/emprise/wholearm_ws/controller_ws/devel/include/aikido/planner/Problem.hpp
-- Installing: /home/emprise/wholearm_ws/controller_ws/devel/include/aikido/planner/Planner.hpp
-- Installing: /home/emprise/wholearm_ws/controller_ws/devel/include/aikido/planner/ConfigurationToConfigurationsPlanner.hpp
-- Installing: /home/emprise/wholearm_ws/controller_ws/devel/include/aikido/planner/SnapPlanner.hpp
-- Installing: /home/emprise/wholearm_ws/controller_ws/devel/include/aikido/planner/WorldStateSaver.hpp
-- Installing: /home/emprise/wholearm_ws/controller_ws/devel/include/aikido/planner/SnapConfigurationToConfigurationPlanner.hpp
-- Installing: /home/emprise/wholearm_ws/controller_ws/devel/include/aikido/planner/vectorfield
-- Installing: /home/emprise/wholearm_ws/controller_ws/devel/include/aikido/planner/vectorfield/BodyNodePoseVectorField.hpp
-- Installing: /home/emprise/wholearm_ws/controller_ws/devel/include/aikido/planner/vectorfield/VectorFieldConfigurationToEndEffectorPosePlanner.hpp
-- Installing: /home/emprise/wholearm_ws/controller_ws/devel/include/aikido/planner/vectorfield/VectorField.hpp
-- Installing: /home/emprise/wholearm_ws/controller_ws/devel/include/aikido/planner/vectorfield/MoveEndEffectorOffsetVectorField.hpp
-- Installing: /home/emprise/wholearm_ws/controller_ws/devel/include/aikido/planner/vectorfield/VectorFieldUtil.hpp
-- Installing: /home/emprise/wholearm_ws/controller_ws/devel/include/aikido/planner/vectorfield/MoveEndEffectorPoseVectorField.hpp
-- Installing: /home/emprise/wholearm_ws/controller_ws/devel/include/aikido/planner/vectorfield/VectorFieldPlannerStatus.hpp
-- Installing: /home/emprise/wholearm_ws/controller_ws/devel/include/aikido/planner/vectorfield/VectorFieldPlanner.hpp
-- Installing: /home/emprise/wholearm_ws/controller_ws/devel/include/aikido/planner/vectorfield/VectorFieldConfigurationToEndEffectorOffsetPlanner.hpp
-- Installing: /home/emprise/wholearm_ws/controller_ws/devel/include/aikido/planner/World.hpp
-- Installing: /home/emprise/wholearm_ws/controller_ws/devel/include/aikido/planner/RankedMetaPlanner.hpp
-- Installing: /home/emprise/wholearm_ws/controller_ws/devel/include/aikido/planner/PlanningResult.hpp
-- Installing: /home/emprise/wholearm_ws/controller_ws/devel/include/aikido/planner/detail
-- Installing: /home/emprise/wholearm_ws/controller_ws/devel/include/aikido/planner/detail/SingleProblemPlanner-impl.hpp
-- Installing: /home/emprise/wholearm_ws/controller_ws/devel/include/aikido/robot
-- Installing: /home/emprise/wholearm_ws/controller_ws/devel/include/aikido/robot/util.hpp
-- Installing: /home/emprise/wholearm_ws/controller_ws/devel/include/aikido/robot/Hand.hpp
-- Installing: /home/emprise/wholearm_ws/controller_ws/devel/include/aikido/robot/ros
-- Installing: /home/emprise/wholearm_ws/controller_ws/devel/include/aikido/robot/ros/RosRobot.hpp
-- Installing: /home/emprise/wholearm_ws/controller_ws/devel/include/aikido/robot/IkFast.hpp
-- Installing: /home/emprise/wholearm_ws/controller_ws/devel/include/aikido/robot/GrabMetadata.hpp
-- Installing: /home/emprise/wholearm_ws/controller_ws/devel/include/aikido/robot/Robot.hpp
-- Installing: /home/emprise/wholearm_ws/controller_ws/devel/include/aikido/robot/InverseKinematics.hpp
-- Installing: /home/emprise/wholearm_ws/controller_ws/devel/include/aikido/robot/GradientDescentIk.hpp
-- Installing: /home/emprise/wholearm_ws/controller_ws/devel/include/aikido/robot/detail
-- Installing: /home/emprise/wholearm_ws/controller_ws/devel/include/aikido/robot/detail/Robot-impl.hpp
-- Installing: /home/emprise/wholearm_ws/controller_ws/devel/include/aikido/perception.hpp
-- Installing: /home/emprise/wholearm_ws/controller_ws/devel/include/aikido/io.hpp
-- Installing: /home/emprise/wholearm_ws/controller_ws/devel/include/aikido/trajectory.hpp
-- Installing: /home/emprise/wholearm_ws/controller_ws/devel/include/aikido/perception
-- Installing: /home/emprise/wholearm_ws/controller_ws/devel/include/aikido/perception/VoxelGridModule.hpp
-- Installing: /home/emprise/wholearm_ws/controller_ws/devel/include/aikido/perception/shape_conversions.hpp
-- Installing: /home/emprise/wholearm_ws/controller_ws/devel/include/aikido/perception/PerceptionModule.hpp
-- Installing: /home/emprise/wholearm_ws/controller_ws/devel/include/aikido/perception/DetectedObject.hpp
-- Installing: /home/emprise/wholearm_ws/controller_ws/devel/include/aikido/perception/AssetDatabase.hpp
-- Installing: /home/emprise/wholearm_ws/controller_ws/devel/include/aikido/perception/PoseEstimatorModule.hpp
-- Installing: /home/emprise/wholearm_ws/controller_ws/devel/include/aikido/perception/detail
-- Installing: /home/emprise/wholearm_ws/controller_ws/devel/include/aikido/perception/detail/DetectedObject-impl.hpp
-- Installing: /home/emprise/wholearm_ws/controller_ws/devel/include/aikido/distance
-- Installing: /home/emprise/wholearm_ws/controller_ws/devel/include/aikido/distance/SO3Angular.hpp
-- Installing: /home/emprise/wholearm_ws/controller_ws/devel/include/aikido/distance/SO2Angular.hpp
-- Installing: /home/emprise/wholearm_ws/controller_ws/devel/include/aikido/distance/Weighted.hpp
-- Installing: /home/emprise/wholearm_ws/controller_ws/devel/include/aikido/distance/DistanceMetric.hpp
-- Installing: /home/emprise/wholearm_ws/controller_ws/devel/include/aikido/distance/SE2Weighted.hpp
-- Installing: /home/emprise/wholearm_ws/controller_ws/devel/include/aikido/distance/RnEuclidean.hpp
-- Installing: /home/emprise/wholearm_ws/controller_ws/devel/include/aikido/distance/CartesianProductWeighted.hpp
-- Installing: /home/emprise/wholearm_ws/controller_ws/devel/include/aikido/distance/JointAvoidanceConfigurationRanker.hpp
-- Installing: /home/emprise/wholearm_ws/controller_ws/devel/include/aikido/distance/NominalConfigurationRanker.hpp
-- Installing: /home/emprise/wholearm_ws/controller_ws/devel/include/aikido/distance/SE2.hpp
-- Installing: /home/emprise/wholearm_ws/controller_ws/devel/include/aikido/distance/ConfigurationRanker.hpp
-- Installing: /home/emprise/wholearm_ws/controller_ws/devel/include/aikido/distance/defaults.hpp
-- Installing: /home/emprise/wholearm_ws/controller_ws/devel/include/aikido/distance/detail
-- Installing: /home/emprise/wholearm_ws/controller_ws/devel/include/aikido/distance/detail/RnEuclidean-impl.hpp
-- Installing: /home/emprise/wholearm_ws/controller_ws/devel/include/aikido/distance/detail/defaults-impl.hpp
-- Installing: /home/emprise/wholearm_ws/controller_ws/devel/include/aikido/rviz
-- Installing: /home/emprise/wholearm_ws/controller_ws/devel/include/aikido/rviz/FrameMarker.hpp
-- Installing: /home/emprise/wholearm_ws/controller_ws/devel/include/aikido/rviz/pointers.hpp
-- Installing: /home/emprise/wholearm_ws/controller_ws/devel/include/aikido/rviz/BodyNodeMarker.hpp
-- Installing: /home/emprise/wholearm_ws/controller_ws/devel/include/aikido/rviz/ShapeFrameMarker.hpp
-- Installing: /home/emprise/wholearm_ws/controller_ws/devel/include/aikido/rviz/ResourceServer.hpp
-- Installing: /home/emprise/wholearm_ws/controller_ws/devel/include/aikido/rviz/shape_conversions.hpp
-- Installing: /home/emprise/wholearm_ws/controller_ws/devel/include/aikido/rviz/TrajectoryMarker.hpp
-- Installing: /home/emprise/wholearm_ws/controller_ws/devel/include/aikido/rviz/TSRMarker.hpp
-- Installing: /home/emprise/wholearm_ws/controller_ws/devel/include/aikido/rviz/SkeletonMarker.hpp
-- Installing: /home/emprise/wholearm_ws/controller_ws/devel/include/aikido/rviz/InteractiveMarkerViewer.hpp
-- Installing: /home/emprise/wholearm_ws/controller_ws/devel/include/aikido/robot.hpp
-- Installing: /home/emprise/wholearm_ws/controller_ws/devel/include/aikido/control.hpp
-- Installing: /home/emprise/wholearm_ws/controller_ws/devel/include/aikido/planner.hpp
-- Installing: /home/emprise/wholearm_ws/controller_ws/devel/include/aikido/constraint.hpp
-- Installing: /home/emprise/wholearm_ws/controller_ws/devel/include/aikido/io
-- Installing: /home/emprise/wholearm_ws/controller_ws/devel/include/aikido/io/trajectory.hpp
-- Installing: /home/emprise/wholearm_ws/controller_ws/devel/include/aikido/io/CatkinResourceRetriever.hpp
-- Installing: /home/emprise/wholearm_ws/controller_ws/devel/include/aikido/io/util.hpp
-- Installing: /home/emprise/wholearm_ws/controller_ws/devel/include/aikido/io/KinBodyParser.hpp
-- Installing: /home/emprise/wholearm_ws/controller_ws/devel/include/aikido/io/yaml.hpp
-- Installing: /home/emprise/wholearm_ws/controller_ws/devel/include/aikido/io/detail
-- Installing: /home/emprise/wholearm_ws/controller_ws/devel/include/aikido/io/detail/yaml_extension.hpp
-- Installing: /home/emprise/wholearm_ws/controller_ws/devel/include/aikido/statespace
-- Installing: /home/emprise/wholearm_ws/controller_ws/devel/include/aikido/statespace/StateSpace.hpp
-- Installing: /home/emprise/wholearm_ws/controller_ws/devel/include/aikido/statespace/StateHandle.hpp
-- Installing: /home/emprise/wholearm_ws/controller_ws/devel/include/aikido/statespace/Interpolator.hpp
-- Installing: /home/emprise/wholearm_ws/controller_ws/devel/include/aikido/statespace/SO3.hpp
-- Installing: /home/emprise/wholearm_ws/controller_ws/devel/include/aikido/statespace/SO2.hpp
-- Installing: /home/emprise/wholearm_ws/controller_ws/devel/include/aikido/statespace/ScopedState.hpp
-- Installing: /home/emprise/wholearm_ws/controller_ws/devel/include/aikido/statespace/README.md
-- Installing: /home/emprise/wholearm_ws/controller_ws/devel/include/aikido/statespace/dart
-- Installing: /home/emprise/wholearm_ws/controller_ws/devel/include/aikido/statespace/dart/RnJoint.hpp
-- Installing: /home/emprise/wholearm_ws/controller_ws/devel/include/aikido/statespace/dart/JointStateSpace.hpp
-- Installing: /home/emprise/wholearm_ws/controller_ws/devel/include/aikido/statespace/dart/WeldJoint.hpp
-- Installing: /home/emprise/wholearm_ws/controller_ws/devel/include/aikido/statespace/dart/JointStateSpaceHelpers.hpp
-- Installing: /home/emprise/wholearm_ws/controller_ws/devel/include/aikido/statespace/dart/MetaSkeletonStateSpace.hpp
-- Installing: /home/emprise/wholearm_ws/controller_ws/devel/include/aikido/statespace/dart/SO3Joint.hpp
-- Installing: /home/emprise/wholearm_ws/controller_ws/devel/include/aikido/statespace/dart/SE2Joint.hpp
-- Installing: /home/emprise/wholearm_ws/controller_ws/devel/include/aikido/statespace/dart/MetaSkeletonStateSaver.hpp
-- Installing: /home/emprise/wholearm_ws/controller_ws/devel/include/aikido/statespace/dart/SO2Joint.hpp
-- Installing: /home/emprise/wholearm_ws/controller_ws/devel/include/aikido/statespace/dart/SE3Joint.hpp
-- Installing: /home/emprise/wholearm_ws/controller_ws/devel/include/aikido/statespace/dart/detail
-- Installing: /home/emprise/wholearm_ws/controller_ws/devel/include/aikido/statespace/dart/detail/JointStateSpaceHelpers-impl.hpp
-- Installing: /home/emprise/wholearm_ws/controller_ws/devel/include/aikido/statespace/dart/detail/MetaSkeletonStateSpace-impl.hpp
-- Installing: /home/emprise/wholearm_ws/controller_ws/devel/include/aikido/statespace/dart/detail/RnJointTraits.hpp
-- Installing: /home/emprise/wholearm_ws/controller_ws/devel/include/aikido/statespace/dart/detail/RnJoint-impl.hpp
-- Installing: /home/emprise/wholearm_ws/controller_ws/devel/include/aikido/statespace/GeodesicInterpolator.hpp
-- Installing: /home/emprise/wholearm_ws/controller_ws/devel/include/aikido/statespace/Rn.hpp
-- Installing: /home/emprise/wholearm_ws/controller_ws/devel/include/aikido/statespace/CartesianProduct.hpp
-- Installing: /home/emprise/wholearm_ws/controller_ws/devel/include/aikido/statespace/SE3.hpp
-- Installing: /home/emprise/wholearm_ws/controller_ws/devel/include/aikido/statespace/SE2.hpp
-- Installing: /home/emprise/wholearm_ws/controller_ws/devel/include/aikido/statespace/detail
-- Installing: /home/emprise/wholearm_ws/controller_ws/devel/include/aikido/statespace/detail/Rn-impl.hpp
-- Installing: /home/emprise/wholearm_ws/controller_ws/devel/include/aikido/statespace/detail/SO2-impl.hpp
-- Installing: /home/emprise/wholearm_ws/controller_ws/devel/include/aikido/statespace/detail/ScopedState-impl.hpp
-- Installing: /home/emprise/wholearm_ws/controller_ws/devel/include/aikido/statespace/detail/StateHandle-impl.hpp
-- Installing: /home/emprise/wholearm_ws/controller_ws/devel/include/aikido/statespace/detail/SE2-impl.hpp
-- Installing: /home/emprise/wholearm_ws/controller_ws/devel/include/aikido/statespace/detail/SE3-impl.hpp
-- Installing: /home/emprise/wholearm_ws/controller_ws/devel/include/aikido/statespace/detail/SO3-impl.hpp
-- Installing: /home/emprise/wholearm_ws/controller_ws/devel/include/aikido/statespace/detail/CartesianProduct-impl.hpp
-- Installing: /home/emprise/wholearm_ws/controller_ws/devel/include/aikido/common
-- Installing: /home/emprise/wholearm_ws/controller_ws/devel/include/aikido/common/Spline.hpp
-- Installing: /home/emprise/wholearm_ws/controller_ws/devel/include/aikido/common/metaprogramming.hpp
-- Installing: /home/emprise/wholearm_ws/controller_ws/devel/include/aikido/common/pointers.hpp
-- Installing: /home/emprise/wholearm_ws/controller_ws/devel/include/aikido/common/pair.hpp
-- Installing: /home/emprise/wholearm_ws/controller_ws/devel/include/aikido/common/PseudoInverse.hpp
-- Installing: /home/emprise/wholearm_ws/controller_ws/devel/include/aikido/common/memory.hpp
-- Installing: /home/emprise/wholearm_ws/controller_ws/devel/include/aikido/common/RNG.hpp
-- Installing: /home/emprise/wholearm_ws/controller_ws/devel/include/aikido/common/BSpline.hpp
-- Installing: /home/emprise/wholearm_ws/controller_ws/devel/include/aikido/common/util.hpp
-- Installing: /home/emprise/wholearm_ws/controller_ws/devel/include/aikido/common/ExecutorMultiplexer.hpp
-- Installing: /home/emprise/wholearm_ws/controller_ws/devel/include/aikido/common/StepSequence.hpp
-- Installing: /home/emprise/wholearm_ws/controller_ws/devel/include/aikido/common/VanDerCorput.hpp
-- Installing: /home/emprise/wholearm_ws/controller_ws/devel/include/aikido/common/string.hpp
-- Installing: /home/emprise/wholearm_ws/controller_ws/devel/include/aikido/common/SplineFwd.hpp
-- Installing: /home/emprise/wholearm_ws/controller_ws/devel/include/aikido/common/algorithm.hpp
-- Installing: /home/emprise/wholearm_ws/controller_ws/devel/include/aikido/common/ExecutorThread.hpp
-- Installing: /home/emprise/wholearm_ws/controller_ws/devel/include/aikido/common/stream.hpp
-- Installing: /home/emprise/wholearm_ws/controller_ws/devel/include/aikido/common/deprecated.hpp
-- Installing: /home/emprise/wholearm_ws/controller_ws/devel/include/aikido/common/detail
-- Installing: /home/emprise/wholearm_ws/controller_ws/devel/include/aikido/common/detail/algorithm-impl.hpp
-- Installing: /home/emprise/wholearm_ws/controller_ws/devel/include/aikido/common/detail/Spline-impl.hpp
-- Installing: /home/emprise/wholearm_ws/controller_ws/devel/include/aikido/common/detail/memory-impl.hpp
-- Installing: /home/emprise/wholearm_ws/controller_ws/devel/include/aikido/common/detail/pair-impl.hpp
-- Installing: /home/emprise/wholearm_ws/controller_ws/devel/include/aikido/common/detail/metaprogramming-impl.hpp
-- Installing: /home/emprise/wholearm_ws/controller_ws/devel/include/aikido/common/detail/RNG-impl.hpp
-- Installing: /home/emprise/wholearm_ws/controller_ws/devel/include/aikido/common/detail/ExecutorThread-impl.hpp
-- Installing: /home/emprise/wholearm_ws/controller_ws/devel/include/aikido/control
-- Installing: /home/emprise/wholearm_ws/controller_ws/devel/include/aikido/control/TrajectoryResult.hpp
-- Installing: /home/emprise/wholearm_ws/controller_ws/devel/include/aikido/control/VisualServoingVelocityExecutor.hpp
-- Installing: /home/emprise/wholearm_ws/controller_ws/devel/include/aikido/control/InstantaneousTrajectoryExecutor.hpp
-- Installing: /home/emprise/wholearm_ws/controller_ws/devel/include/aikido/control/KinematicSimulationTrajectoryExecutor.hpp
-- Installing: /home/emprise/wholearm_ws/controller_ws/devel/include/aikido/control/TrajectoryRunningException.hpp
-- Installing: /home/emprise/wholearm_ws/controller_ws/devel/include/aikido/control/TrajectoryExecutor.hpp
-- Installing: /home/emprise/wholearm_ws/controller_ws/devel/include/aikido/control/util.hpp
-- Installing: /home/emprise/wholearm_ws/controller_ws/devel/include/aikido/control/JacobianExecutor.hpp
-- Installing: /home/emprise/wholearm_ws/controller_ws/devel/include/aikido/control/Executor.hpp
-- Installing: /home/emprise/wholearm_ws/controller_ws/devel/include/aikido/control/ros
-- Installing: /home/emprise/wholearm_ws/controller_ws/devel/include/aikido/control/ros/RosTrajectoryExecutor.hpp
-- Installing: /home/emprise/wholearm_ws/controller_ws/devel/include/aikido/control/ros/RosJointCommandExecutor.hpp
-- Installing: /home/emprise/wholearm_ws/controller_ws/devel/include/aikido/control/ros/util.hpp
-- Installing: /home/emprise/wholearm_ws/controller_ws/devel/include/aikido/control/ros/RosTrajectoryExecutionException.hpp
-- Installing: /home/emprise/wholearm_ws/controller_ws/devel/include/aikido/control/ros/RosJointStateClient.hpp
-- Installing: /home/emprise/wholearm_ws/controller_ws/devel/include/aikido/control/ros/Conversions.hpp
-- Installing: /home/emprise/wholearm_ws/controller_ws/devel/include/aikido/control/ros/detail
-- Installing: /home/emprise/wholearm_ws/controller_ws/devel/include/aikido/control/ros/detail/RosJointCommandExecutor-impl.hpp
-- Installing: /home/emprise/wholearm_ws/controller_ws/devel/include/aikido/control/ros/detail/util-impl.hpp
-- Installing: /home/emprise/wholearm_ws/controller_ws/devel/include/aikido/control/ros/RosJointGroupCommandClient.hpp
-- Installing: /home/emprise/wholearm_ws/controller_ws/devel/include/aikido/control/QueuedTrajectoryExecutor.hpp
-- Installing: /home/emprise/wholearm_ws/controller_ws/devel/include/aikido/control/KinematicSimulationJointCommandExecutor.hpp
-- Installing: /home/emprise/wholearm_ws/controller_ws/devel/include/aikido/control/detail
-- Installing: /home/emprise/wholearm_ws/controller_ws/devel/include/aikido/control/detail/KinematicSimulationJointCommandExecutor-impl.hpp
-- Installing: /home/emprise/wholearm_ws/controller_ws/devel/include/aikido/control/detail/JacobianExecutor-impl.hpp
-- Installing: /home/emprise/wholearm_ws/controller_ws/devel/include/aikido/control/JointCommandExecutor.hpp
-- Installing: /home/emprise/wholearm_ws/controller_ws/devel/include/aikido/common.hpp
-- Installing: /home/emprise/wholearm_ws/controller_ws/devel/include/aikido/constraint
-- Installing: /home/emprise/wholearm_ws/controller_ws/devel/include/aikido/constraint/uniform
-- Installing: /home/emprise/wholearm_ws/controller_ws/devel/include/aikido/constraint/uniform/SO3UniformSampler.hpp
-- Installing: /home/emprise/wholearm_ws/controller_ws/devel/include/aikido/constraint/uniform/SO2UniformSampler.hpp
-- Installing: /home/emprise/wholearm_ws/controller_ws/devel/include/aikido/constraint/uniform/RnBoxConstraint.hpp
-- Installing: /home/emprise/wholearm_ws/controller_ws/devel/include/aikido/constraint/uniform/SE2BoxConstraint.hpp
-- Installing: /home/emprise/wholearm_ws/controller_ws/devel/include/aikido/constraint/uniform/RnConstantSampler.hpp
-- Installing: /home/emprise/wholearm_ws/controller_ws/devel/include/aikido/constraint/uniform/detail
-- Installing: /home/emprise/wholearm_ws/controller_ws/devel/include/aikido/constraint/uniform/detail/RnBoxConstraint-impl.hpp
-- Installing: /home/emprise/wholearm_ws/controller_ws/devel/include/aikido/constraint/uniform/detail/RnConstantSampler-impl.hpp
-- Installing: /home/emprise/wholearm_ws/controller_ws/devel/include/aikido/constraint/Sampleable.hpp
-- Installing: /home/emprise/wholearm_ws/controller_ws/devel/include/aikido/constraint/DifferentiableSubspace.hpp
-- Installing: /home/emprise/wholearm_ws/controller_ws/devel/include/aikido/constraint/TestableOutcome.hpp
-- Installing: /home/emprise/wholearm_ws/controller_ws/devel/include/aikido/constraint/CartesianProductTestable.hpp
-- Installing: /home/emprise/wholearm_ws/controller_ws/devel/include/aikido/constraint/DefaultTestableOutcome.hpp
-- Installing: /home/emprise/wholearm_ws/controller_ws/devel/include/aikido/constraint/SequentialSampleable.hpp
-- Installing: /home/emprise/wholearm_ws/controller_ws/devel/include/aikido/constraint/RejectionSampleable.hpp
-- Installing: /home/emprise/wholearm_ws/controller_ws/devel/include/aikido/constraint/DifferentiableIntersection.hpp
-- Installing: /home/emprise/wholearm_ws/controller_ws/devel/include/aikido/constraint/Differentiable.hpp
-- Installing: /home/emprise/wholearm_ws/controller_ws/devel/include/aikido/constraint/CyclicSampleable.hpp
-- Installing: /home/emprise/wholearm_ws/controller_ws/devel/include/aikido/constraint/NewtonsMethodProjectable.hpp
-- Installing: /home/emprise/wholearm_ws/controller_ws/devel/include/aikido/constraint/dart
-- Installing: /home/emprise/wholearm_ws/controller_ws/devel/include/aikido/constraint/dart/TSR.hpp
-- Installing: /home/emprise/wholearm_ws/controller_ws/devel/include/aikido/constraint/dart/FrameDifferentiable.hpp
-- Installing: /home/emprise/wholearm_ws/controller_ws/devel/include/aikido/constraint/dart/JointStateSpaceHelpers.hpp
-- Installing: /home/emprise/wholearm_ws/controller_ws/devel/include/aikido/constraint/dart/FrameTestable.hpp
-- Installing: /home/emprise/wholearm_ws/controller_ws/devel/include/aikido/constraint/dart/FramePairDifferentiable.hpp
-- Installing: /home/emprise/wholearm_ws/controller_ws/devel/include/aikido/constraint/dart/InverseKinematicsSampleable.hpp
-- Installing: /home/emprise/wholearm_ws/controller_ws/devel/include/aikido/constraint/dart/CollisionFreeOutcome.hpp
-- Installing: /home/emprise/wholearm_ws/controller_ws/devel/include/aikido/constraint/dart/CollisionFree.hpp
-- Installing: /home/emprise/wholearm_ws/controller_ws/devel/include/aikido/constraint/dart/detail
-- Installing: /home/emprise/wholearm_ws/controller_ws/devel/include/aikido/constraint/dart/detail/JointStateSpaceHelpers-impl.hpp
-- Installing: /home/emprise/wholearm_ws/controller_ws/devel/include/aikido/constraint/TestableIntersection.hpp
-- Installing: /home/emprise/wholearm_ws/controller_ws/devel/include/aikido/constraint/Satisfied.hpp
-- Installing: /home/emprise/wholearm_ws/controller_ws/devel/include/aikido/constraint/CartesianProductSampleable.hpp
-- Installing: /home/emprise/wholearm_ws/controller_ws/devel/include/aikido/constraint/Testable.hpp
-- Installing: /home/emprise/wholearm_ws/controller_ws/devel/include/aikido/constraint/FiniteSampleable.hpp
-- Installing: /home/emprise/wholearm_ws/controller_ws/devel/include/aikido/constraint/CartesianProductProjectable.hpp
-- Installing: /home/emprise/wholearm_ws/controller_ws/devel/include/aikido/constraint/Projectable.hpp
-- Installing: /home/emprise/wholearm_ws/controller_ws/devel/include/aikido/constraint/detail
-- Installing: /home/emprise/wholearm_ws/controller_ws/devel/include/aikido/constraint/detail/TestableOutcome-impl.hpp
-- Installing: /home/emprise/wholearm_ws/controller_ws/devel/share/aikido/package.xml
-- Installing: /home/emprise/wholearm_ws/controller_ws/devel/lib/aikido/cmake/aikido_commonComponent.cmake
-- Installing: /home/emprise/wholearm_ws/controller_ws/devel/lib/aikido/cmake/aikido_statespaceComponent.cmake
-- Installing: /home/emprise/wholearm_ws/controller_ws/devel/lib/aikido/cmake/aikido_distanceComponent.cmake
-- Installing: /home/emprise/wholearm_ws/controller_ws/devel/lib/aikido/cmake/aikido_trajectoryComponent.cmake
-- Installing: /home/emprise/wholearm_ws/controller_ws/devel/lib/aikido/cmake/aikido_constraintComponent.cmake
-- Installing: /home/emprise/wholearm_ws/controller_ws/devel/lib/aikido/cmake/aikido_plannerComponent.cmake
-- Installing: /home/emprise/wholearm_ws/controller_ws/devel/lib/aikido/cmake/aikido_planner_omplComponent.cmake
-- Installing: /home/emprise/wholearm_ws/controller_ws/devel/lib/aikido/cmake/aikido_planner_parabolicComponent.cmake
-- Installing: /home/emprise/wholearm_ws/controller_ws/devel/lib/aikido/cmake/aikido_planner_vectorfieldComponent.cmake
-- Installing: /home/emprise/wholearm_ws/controller_ws/devel/lib/aikido/cmake/aikido_planner_kunzretimerComponent.cmake
-- Installing: /home/emprise/wholearm_ws/controller_ws/devel/lib/aikido/cmake/aikido_rvizComponent.cmake
-- Installing: /home/emprise/wholearm_ws/controller_ws/devel/lib/aikido/cmake/aikido_controlComponent.cmake
-- Installing: /home/emprise/wholearm_ws/controller_ws/devel/lib/aikido/cmake/aikido_control_rosComponent.cmake
-- Installing: /home/emprise/wholearm_ws/controller_ws/devel/lib/aikido/cmake/aikido_ioComponent.cmake
-- Installing: /home/emprise/wholearm_ws/controller_ws/devel/lib/aikido/cmake/aikido_perceptionComponent.cmake
-- Installing: /home/emprise/wholearm_ws/controller_ws/devel/lib/aikido/cmake/aikido_robotComponent.cmake
-- Installing: /home/emprise/wholearm_ws/controller_ws/devel/lib/aikido/cmake/aikido_robot_rosComponent.cmake
-- Installing: /home/emprise/wholearm_ws/controller_ws/devel/lib/aikido/cmake/aikidoConfig.cmake
-- Installing: /home/emprise/wholearm_ws/controller_ws/devel/lib/aikido/cmake/aikidoConfigVersion.cmake
-- Installing: /home/emprise/wholearm_ws/controller_ws/devel/lib/aikido/cmake/aikido_commonTargets.cmake
-- Installing: /home/emprise/wholearm_ws/controller_ws/devel/lib/aikido/cmake/aikido_commonTargets-noconfig.cmake
-- Installing: /home/emprise/wholearm_ws/controller_ws/devel/lib/libaikido_common.so
-- Set runtime path of "/home/emprise/wholearm_ws/controller_ws/devel/lib/libaikido_common.so" to ""
-- Installing: /home/emprise/wholearm_ws/controller_ws/devel/lib/aikido/cmake/aikido_statespaceTargets.cmake
-- Installing: /home/emprise/wholearm_ws/controller_ws/devel/lib/aikido/cmake/aikido_statespaceTargets-noconfig.cmake
-- Installing: /home/emprise/wholearm_ws/controller_ws/devel/lib/libaikido_statespace.so
-- Set runtime path of "/home/emprise/wholearm_ws/controller_ws/devel/lib/libaikido_statespace.so" to ""
-- Installing: /home/emprise/wholearm_ws/controller_ws/devel/lib/aikido/cmake/aikido_distanceTargets.cmake
-- Installing: /home/emprise/wholearm_ws/controller_ws/devel/lib/aikido/cmake/aikido_distanceTargets-noconfig.cmake
-- Installing: /home/emprise/wholearm_ws/controller_ws/devel/lib/libaikido_distance.so
-- Set runtime path of "/home/emprise/wholearm_ws/controller_ws/devel/lib/libaikido_distance.so" to ""
-- Installing: /home/emprise/wholearm_ws/controller_ws/devel/lib/aikido/cmake/aikido_trajectoryTargets.cmake
-- Installing: /home/emprise/wholearm_ws/controller_ws/devel/lib/aikido/cmake/aikido_trajectoryTargets-noconfig.cmake
-- Installing: /home/emprise/wholearm_ws/controller_ws/devel/lib/libaikido_trajectory.so
-- Set runtime path of "/home/emprise/wholearm_ws/controller_ws/devel/lib/libaikido_trajectory.so" to ""
-- Installing: /home/emprise/wholearm_ws/controller_ws/devel/lib/aikido/cmake/aikido_constraintTargets.cmake
-- Installing: /home/emprise/wholearm_ws/controller_ws/devel/lib/aikido/cmake/aikido_constraintTargets-noconfig.cmake
-- Installing: /home/emprise/wholearm_ws/controller_ws/devel/lib/libaikido_constraint.so
-- Set runtime path of "/home/emprise/wholearm_ws/controller_ws/devel/lib/libaikido_constraint.so" to ""
-- Installing: /home/emprise/wholearm_ws/controller_ws/devel/lib/aikido/cmake/aikido_plannerTargets.cmake
-- Installing: /home/emprise/wholearm_ws/controller_ws/devel/lib/aikido/cmake/aikido_plannerTargets-noconfig.cmake
-- Installing: /home/emprise/wholearm_ws/controller_ws/devel/lib/libaikido_planner.so
-- Set runtime path of "/home/emprise/wholearm_ws/controller_ws/devel/lib/libaikido_planner.so" to ""
-- Installing: /home/emprise/wholearm_ws/controller_ws/devel/lib/aikido/cmake/aikido_planner_omplTargets.cmake
-- Installing: /home/emprise/wholearm_ws/controller_ws/devel/lib/aikido/cmake/aikido_planner_omplTargets-noconfig.cmake
-- Installing: /home/emprise/wholearm_ws/controller_ws/devel/lib/libaikido_planner_ompl.so
-- Set runtime path of "/home/emprise/wholearm_ws/controller_ws/devel/lib/libaikido_planner_ompl.so" to ""
-- Installing: /home/emprise/wholearm_ws/controller_ws/devel/lib/aikido/cmake/aikido_planner_parabolicTargets.cmake
-- Installing: /home/emprise/wholearm_ws/controller_ws/devel/lib/aikido/cmake/aikido_planner_parabolicTargets-noconfig.cmake
-- Installing: /home/emprise/wholearm_ws/controller_ws/devel/lib/libaikido_planner_parabolic.so
-- Set runtime path of "/home/emprise/wholearm_ws/controller_ws/devel/lib/libaikido_planner_parabolic.so" to ""
-- Installing: /home/emprise/wholearm_ws/controller_ws/devel/lib/aikido/cmake/aikido_planner_vectorfieldTargets.cmake
-- Installing: /home/emprise/wholearm_ws/controller_ws/devel/lib/aikido/cmake/aikido_planner_vectorfieldTargets-noconfig.cmake
-- Installing: /home/emprise/wholearm_ws/controller_ws/devel/lib/libaikido_planner_vectorfield.so
-- Set runtime path of "/home/emprise/wholearm_ws/controller_ws/devel/lib/libaikido_planner_vectorfield.so" to ""
-- Installing: /home/emprise/wholearm_ws/controller_ws/devel/lib/aikido/cmake/aikido_planner_kunzretimerTargets.cmake
-- Installing: /home/emprise/wholearm_ws/controller_ws/devel/lib/aikido/cmake/aikido_planner_kunzretimerTargets-noconfig.cmake
-- Installing: /home/emprise/wholearm_ws/controller_ws/devel/lib/libaikido_planner_kunzretimer.so
-- Set runtime path of "/home/emprise/wholearm_ws/controller_ws/devel/lib/libaikido_planner_kunzretimer.so" to ""
-- Installing: /home/emprise/wholearm_ws/controller_ws/devel/lib/aikido/cmake/aikido_rvizTargets.cmake
-- Installing: /home/emprise/wholearm_ws/controller_ws/devel/lib/aikido/cmake/aikido_rvizTargets-noconfig.cmake
-- Installing: /home/emprise/wholearm_ws/controller_ws/devel/lib/libaikido_rviz.so
-- Set runtime path of "/home/emprise/wholearm_ws/controller_ws/devel/lib/libaikido_rviz.so" to ""
-- Installing: /home/emprise/wholearm_ws/controller_ws/devel/lib/aikido/cmake/aikido_controlTargets.cmake
-- Installing: /home/emprise/wholearm_ws/controller_ws/devel/lib/aikido/cmake/aikido_controlTargets-noconfig.cmake
-- Installing: /home/emprise/wholearm_ws/controller_ws/devel/lib/libaikido_control.so
-- Set runtime path of "/home/emprise/wholearm_ws/controller_ws/devel/lib/libaikido_control.so" to ""
-- Installing: /home/emprise/wholearm_ws/controller_ws/devel/lib/aikido/cmake/aikido_control_rosTargets.cmake
-- Installing: /home/emprise/wholearm_ws/controller_ws/devel/lib/aikido/cmake/aikido_control_rosTargets-noconfig.cmake
-- Installing: /home/emprise/wholearm_ws/controller_ws/devel/lib/libaikido_control_ros.so
-- Set runtime path of "/home/emprise/wholearm_ws/controller_ws/devel/lib/libaikido_control_ros.so" to ""
-- Installing: /home/emprise/wholearm_ws/controller_ws/devel/lib/aikido/cmake/aikido_ioTargets.cmake
-- Installing: /home/emprise/wholearm_ws/controller_ws/devel/lib/aikido/cmake/aikido_ioTargets-noconfig.cmake
-- Installing: /home/emprise/wholearm_ws/controller_ws/devel/lib/libaikido_io.so
-- Set runtime path of "/home/emprise/wholearm_ws/controller_ws/devel/lib/libaikido_io.so" to ""
-- Installing: /home/emprise/wholearm_ws/controller_ws/devel/lib/aikido/cmake/aikido_perceptionTargets.cmake
-- Installing: /home/emprise/wholearm_ws/controller_ws/devel/lib/aikido/cmake/aikido_perceptionTargets-noconfig.cmake
-- Installing: /home/emprise/wholearm_ws/controller_ws/devel/lib/libaikido_perception.so
-- Set runtime path of "/home/emprise/wholearm_ws/controller_ws/devel/lib/libaikido_perception.so" to ""
-- Installing: /home/emprise/wholearm_ws/controller_ws/devel/lib/aikido/cmake/aikido_robotTargets.cmake
-- Installing: /home/emprise/wholearm_ws/controller_ws/devel/lib/aikido/cmake/aikido_robotTargets-noconfig.cmake
-- Installing: /home/emprise/wholearm_ws/controller_ws/devel/lib/libaikido_robot.so
-- Set runtime path of "/home/emprise/wholearm_ws/controller_ws/devel/lib/libaikido_robot.so" to ""
-- Installing: /home/emprise/wholearm_ws/controller_ws/devel/lib/aikido/cmake/aikido_robot_rosTargets.cmake
-- Installing: /home/emprise/wholearm_ws/controller_ws/devel/lib/aikido/cmake/aikido_robot_rosTargets-noconfig.cmake
-- Installing: /home/emprise/wholearm_ws/controller_ws/devel/lib/libaikido_robot_ros.so
-- Set runtime path of "/home/emprise/wholearm_ws/controller_ws/devel/lib/libaikido_robot_ros.so" to ""
