Not searching for unused variables given on the command line.
[36m--[0m The CXX compiler identification is GNU 9.4.0
[36m--[0m Check for working CXX compiler: /usr/bin/c++
[36m--[0m Check for working CXX compiler: /usr/bin/c++ -- works
[36m--[0m Detecting CXX compiler ABI info
[36m--[0m Detecting CXX compiler ABI info - done
[36m--[0m Detecting CXX compile features
[36m--[0m Detecting CXX compile features - done
[36m--[0m Found PkgConfig: /usr/bin/pkg-config (found version "0.29.1")
[36m--[0m Found Boost: /usr/lib/x86_64-linux-gnu/cmake/Boost-1.71.0/BoostConfig.cmake (found version "1.71.0") found components: filesystem
[36m--[0m Found ccd: /usr/include (found suitable version "2.0", minimum required is "2.0")
[36m--[0m Found fcl: /opt/ros/noetic/include (found suitable version "0.6.1", minimum required is "0.3.2")
[36m--[0m Found assimp: /usr/include (found version "5.0.0")
[36m--[0m Found DART: /usr/include (Required is at least version "6.8.5") found components: optimizer-nlopt utils utils-urdf dart
[36m--[0m Performing Test DART_HAS_VOXELGRIDSHAPE
[36m--[0m Performing Test DART_HAS_VOXELGRIDSHAPE - Success
[36m--[0m Found ompl: /opt/ros/noetic/include/ompl-1.6;/usr/include;/usr/include/eigen3
[36m--[0m Found EIGEN3: /usr/include/eigen3 (found version "3.3.7")
[36m--[0m Looking for roscpp - version 1.15.14 found
[36m--[0m Looking for geometry_msgs - version 1.13.1 found
[36m--[0m Looking for interactive_markers - version 1.12.0 found
[36m--[0m Looking for std_msgs - version 0.5.13 found
[36m--[0m Looking for visualization_msgs - version 1.13.1 found
[36m--[0m Looking for libmicrohttpd - version 0.9.66 found
[36m--[0m Looking for roscpp - version 1.15.14 found
[36m--[0m Looking for trajectory_msgs - version 1.13.1 found
[36m--[0m Looking for actionlib - version 1.13.2 found
[36m--[0m Looking for control_msgs - version 1.5.2 found
[36m--[0m Looking for pr_control_msgs - version 0.0.0 found
[36m--[0m Found TinyXML2: /usr/include (found version "6.2.0")
[36m--[0m Found YAMLCPP: /usr/include
[36m--[0m Performing Test YAMLCPP_NODE_HAS_MARK
[36m--[0m Performing Test YAMLCPP_NODE_HAS_MARK - Success
[36m--[0m Looking for roscpp - version 1.15.14 found
[36m--[0m Looking for geometry_msgs - version 1.13.1 found
[36m--[0m Looking for std_msgs - version 0.5.13 found
[36m--[0m Looking for visualization_msgs - version 1.13.1 found
[36m--[0m Looking for tf - version 1.13.2 found
[36m--[0m Looking for octomap_ros - version 0.4.1 found
[36m--[0m Looking for urdf - version 1.13.2 found
[36m--[0m Looking for srdfdom - version 0.6.3 found
[36m--[0m The C compiler identification is GNU 9.4.0
[36m--[0m Check for working C compiler: /usr/bin/cc
[36m--[0m Check for working C compiler: /usr/bin/cc -- works
[36m--[0m Detecting C compiler ABI info
[36m--[0m Detecting C compiler ABI info - done
[36m--[0m Detecting C compile features
[36m--[0m Detecting C compile features - done
[36m--[0m Found Python: /home/emprise/miniconda3/envs/openmmlab/bin/python3.8 (found version "3.8.16") found components: Interpreter
[36m--[0m Looking for pthread.h
[36m--[0m Looking for pthread.h - found
[36m--[0m Performing Test CMAKE_HAVE_LIBC_PTHREAD
[36m--[0m Performing Test CMAKE_HAVE_LIBC_PTHREAD - Failed
[36m--[0m Looking for pthread_create in pthreads
[36m--[0m Looking for pthread_create in pthreads - not found
[36m--[0m Looking for pthread_create in pthread
[36m--[0m Looking for pthread_create in pthread - found
[36m--[0m Found Threads: TRUE
[36m--[0m Looking for Doxygen - NOT found, to generate API documentation, please install Doxygen
[36m--[0m Found clang-format-10.
[36m--[0m Formatting on 508 source files.
[36m--[0m Configuring done
[36m--[0m Generating done
[36m--[0m Build files have been written to: /home/emprise/wholearm_ws/controller_ws/build/aikido
