[35m[1mScanning dependencies of target aikido_external_hauserparabolicsmoother[0m
[35m[1mScanning dependencies of target aikido_external_kunzretimer[0m
[35m[1mScanning dependencies of target aikido_common[0m
[35m[1mScanning dependencies of target aikido_statespace[0m
[  0%] [32mBuilding CXX object src/external/hauser_parabolic_smoother/CMakeFiles/aikido_external_hauserparabolicsmoother.dir/ParabolicRamp.cpp.o[0m
[  2%] [32mBuilding CXX object src/external/hauser_parabolic_smoother/CMakeFiles/aikido_external_hauserparabolicsmoother.dir/DynamicPath.cpp.o[0m
[  2%] [32mBuilding CXX object src/external/hauser_parabolic_smoother/CMakeFiles/aikido_external_hauserparabolicsmoother.dir/Timer.cpp.o[0m
[  2%] [32mBuilding CXX object src/external/kunz_retimer/CMakeFiles/aikido_external_kunzretimer.dir/Trajectory.cpp.o[0m
[  2%] [32mBuilding CXX object src/external/kunz_retimer/CMakeFiles/aikido_external_kunzretimer.dir/Path.cpp.o[0m
[  2%] [32mBuilding CXX object src/common/CMakeFiles/aikido_common.dir/ExecutorThread.cpp.o[0m
[  2%] [32mBuilding CXX object src/common/CMakeFiles/aikido_common.dir/stream.cpp.o[0m
[  4%] [32mBuilding CXX object src/common/CMakeFiles/aikido_common.dir/RNG.cpp.o[0m
[  4%] [32mBuilding CXX object src/common/CMakeFiles/aikido_common.dir/ExecutorMultiplexer.cpp.o[0m
[  4%] [32mBuilding CXX object src/common/CMakeFiles/aikido_common.dir/PseudoInverse.cpp.o[0m
[  6%] [32mBuilding CXX object src/common/CMakeFiles/aikido_common.dir/VanDerCorput.cpp.o[0m
[  6%] [32mBuilding CXX object src/common/CMakeFiles/aikido_common.dir/StepSequence.cpp.o[0m
[  6%] [32mBuilding CXX object src/common/CMakeFiles/aikido_common.dir/string.cpp.o[0m
[  8%] [32mBuilding CXX object src/statespace/CMakeFiles/aikido_statespace.dir/SO3.cpp.o[0m
[  8%] [32mBuilding CXX object src/statespace/CMakeFiles/aikido_statespace.dir/StateSpace.cpp.o[0m
[  8%] [32mBuilding CXX object src/statespace/CMakeFiles/aikido_statespace.dir/Rn.cpp.o[0m
[  8%] [32mBuilding CXX object src/statespace/CMakeFiles/aikido_statespace.dir/CartesianProduct.cpp.o[0m
[  8%] [32mBuilding CXX object src/statespace/CMakeFiles/aikido_statespace.dir/dart/JointStateSpace.cpp.o[0m
[ 10%] [32mBuilding CXX object src/statespace/CMakeFiles/aikido_statespace.dir/dart/JointStateSpaceHelpers.cpp.o[0m
[ 10%] [32mBuilding CXX object src/statespace/CMakeFiles/aikido_statespace.dir/SE3.cpp.o[0m
[ 10%] [32mBuilding CXX object src/statespace/CMakeFiles/aikido_statespace.dir/SE2.cpp.o[0m
[ 10%] [32mBuilding CXX object src/statespace/CMakeFiles/aikido_statespace.dir/GeodesicInterpolator.cpp.o[0m
[ 12%] [32mBuilding CXX object src/statespace/CMakeFiles/aikido_statespace.dir/SO2.cpp.o[0m
[ 12%] [32mBuilding CXX object src/statespace/CMakeFiles/aikido_statespace.dir/dart/MetaSkeletonStateSpace.cpp.o[0m
[ 12%] [32mBuilding CXX object src/statespace/CMakeFiles/aikido_statespace.dir/dart/MetaSkeletonStateSaver.cpp.o[0m
[ 12%] [32mBuilding CXX object src/statespace/CMakeFiles/aikido_statespace.dir/dart/SE2Joint.cpp.o[0m
[ 12%] [32mBuilding CXX object src/statespace/CMakeFiles/aikido_statespace.dir/dart/SO2Joint.cpp.o[0m
[ 14%] [32mBuilding CXX object src/statespace/CMakeFiles/aikido_statespace.dir/dart/SE3Joint.cpp.o[0m
[ 14%] [32mBuilding CXX object src/statespace/CMakeFiles/aikido_statespace.dir/dart/SO3Joint.cpp.o[0m
[ 14%] [32mBuilding CXX object src/statespace/CMakeFiles/aikido_statespace.dir/dart/RnJoint.cpp.o[0m
[ 14%] [32m[1mLinking CXX static library libaikido_external_hauserparabolicsmoother.a[0m
[ 16%] [32mBuilding CXX object src/statespace/CMakeFiles/aikido_statespace.dir/dart/WeldJoint.cpp.o[0m
[ 16%] Built target aikido_external_hauserparabolicsmoother
[ 18%] [32m[1mLinking CXX static library libaikido_external_kunzretimer.a[0m
[ 18%] Built target aikido_external_kunzretimer
[ 18%] [32m[1mLinking CXX shared library libaikido_common.so[0m
[ 18%] Built target aikido_common
[ 18%] [32m[1mLinking CXX shared library libaikido_statespace.so[0m
[ 18%] Built target aikido_statespace
[35m[1mScanning dependencies of target aikido_distance[0m
[35m[1mScanning dependencies of target aikido_constraint[0m
[ 18%] [32mBuilding CXX object src/distance/CMakeFiles/aikido_distance.dir/SE2.cpp.o[0m
[ 18%] [32mBuilding CXX object src/distance/CMakeFiles/aikido_distance.dir/defaults.cpp.o[0m
[ 20%] [32mBuilding CXX object src/distance/CMakeFiles/aikido_distance.dir/ConfigurationRanker.cpp.o[0m
[ 20%] [32mBuilding CXX object src/distance/CMakeFiles/aikido_distance.dir/NominalConfigurationRanker.cpp.o[0m
[ 22%] [32mBuilding CXX object src/distance/CMakeFiles/aikido_distance.dir/RnEuclidean.cpp.o[0m
[ 22%] [32mBuilding CXX object src/distance/CMakeFiles/aikido_distance.dir/CartesianProductWeighted.cpp.o[0m
[ 25%] [32mBuilding CXX object src/distance/CMakeFiles/aikido_distance.dir/SO2Angular.cpp.o[0m
[ 25%] [32mBuilding CXX object src/distance/CMakeFiles/aikido_distance.dir/SO3Angular.cpp.o[0m
[ 25%] [32mBuilding CXX object src/distance/CMakeFiles/aikido_distance.dir/JointAvoidanceConfigurationRanker.cpp.o[0m
[ 25%] [32mBuilding CXX object src/distance/CMakeFiles/aikido_distance.dir/SE2Weighted.cpp.o[0m
[ 27%] [32mBuilding CXX object src/constraint/CMakeFiles/aikido_constraint.dir/Differentiable.cpp.o[0m
[ 27%] [32mBuilding CXX object src/constraint/CMakeFiles/aikido_constraint.dir/DifferentiableIntersection.cpp.o[0m
[ 27%] [32mBuilding CXX object src/constraint/CMakeFiles/aikido_constraint.dir/DefaultTestableOutcome.cpp.o[0m
[ 31%] [32mBuilding CXX object src/constraint/CMakeFiles/aikido_constraint.dir/FiniteSampleable.cpp.o[0m
[ 31%] [32mBuilding CXX object src/constraint/CMakeFiles/aikido_constraint.dir/Projectable.cpp.o[0m
[ 31%] [32mBuilding CXX object src/constraint/CMakeFiles/aikido_constraint.dir/DifferentiableSubspace.cpp.o[0m
[ 31%] [32mBuilding CXX object src/constraint/CMakeFiles/aikido_constraint.dir/NewtonsMethodProjectable.cpp.o[0m
[ 31%] [32mBuilding CXX object src/constraint/CMakeFiles/aikido_constraint.dir/CartesianProductTestable.cpp.o[0m
[ 27%] [32mBuilding CXX object src/constraint/CMakeFiles/aikido_constraint.dir/CyclicSampleable.cpp.o[0m
[ 27%] [32mBuilding CXX object src/constraint/CMakeFiles/aikido_constraint.dir/CartesianProductSampleable.cpp.o[0m
[ 31%] [32mBuilding CXX object src/constraint/CMakeFiles/aikido_constraint.dir/CartesianProductProjectable.cpp.o[0m
[ 31%] [32mBuilding CXX object src/constraint/CMakeFiles/aikido_constraint.dir/RejectionSampleable.cpp.o[0m
[ 33%] [32mBuilding CXX object src/constraint/CMakeFiles/aikido_constraint.dir/Satisfied.cpp.o[0m
[ 33%] [32mBuilding CXX object src/constraint/CMakeFiles/aikido_constraint.dir/Sampleable.cpp.o[0m
[ 33%] [32mBuilding CXX object src/constraint/CMakeFiles/aikido_constraint.dir/SequentialSampleable.cpp.o[0m
[ 33%] [32mBuilding CXX object src/constraint/CMakeFiles/aikido_constraint.dir/TestableIntersection.cpp.o[0m
[ 33%] [32mBuilding CXX object src/constraint/CMakeFiles/aikido_constraint.dir/uniform/RnBoxConstraint.cpp.o[0m
[ 35%] [32mBuilding CXX object src/constraint/CMakeFiles/aikido_constraint.dir/uniform/RnConstantSampler.cpp.o[0m
[ 35%] [32mBuilding CXX object src/constraint/CMakeFiles/aikido_constraint.dir/uniform/SO2UniformSampler.cpp.o[0m
[ 35%] [32mBuilding CXX object src/constraint/CMakeFiles/aikido_constraint.dir/uniform/SO3UniformSampler.cpp.o[0m
[ 35%] [32mBuilding CXX object src/constraint/CMakeFiles/aikido_constraint.dir/uniform/SE2BoxConstraint.cpp.o[0m
[ 35%] [32mBuilding CXX object src/constraint/CMakeFiles/aikido_constraint.dir/dart/CollisionFreeOutcome.cpp.o[0m
[ 37%] [32mBuilding CXX object src/constraint/CMakeFiles/aikido_constraint.dir/dart/CollisionFree.cpp.o[0m
[ 37%] [32mBuilding CXX object src/constraint/CMakeFiles/aikido_constraint.dir/dart/FramePairDifferentiable.cpp.o[0m
[ 37%] [32mBuilding CXX object src/constraint/CMakeFiles/aikido_constraint.dir/dart/FrameDifferentiable.cpp.o[0m
[ 39%] [32mBuilding CXX object src/constraint/CMakeFiles/aikido_constraint.dir/dart/FrameTestable.cpp.o[0m
[ 39%] [32mBuilding CXX object src/constraint/CMakeFiles/aikido_constraint.dir/dart/InverseKinematicsSampleable.cpp.o[0m
[ 39%] [32mBuilding CXX object src/constraint/CMakeFiles/aikido_constraint.dir/dart/JointStateSpaceHelpers.cpp.o[0m
[ 41%] [32mBuilding CXX object src/constraint/CMakeFiles/aikido_constraint.dir/dart/TSR.cpp.o[0m
[ 41%] [32m[1mLinking CXX shared library libaikido_distance.so[0m
[ 41%] Built target aikido_distance
[35m[1mScanning dependencies of target aikido_trajectory[0m
[ 43%] [32mBuilding CXX object src/trajectory/CMakeFiles/aikido_trajectory.dir/BSpline.cpp.o[0m
[ 43%] [32mBuilding CXX object src/trajectory/CMakeFiles/aikido_trajectory.dir/Interpolated.cpp.o[0m
[ 43%] [32mBuilding CXX object src/trajectory/CMakeFiles/aikido_trajectory.dir/util.cpp.o[0m
[ 43%] [32mBuilding CXX object src/trajectory/CMakeFiles/aikido_trajectory.dir/Spline.cpp.o[0m
[ 43%] [32m[1mLinking CXX shared library libaikido_constraint.so[0m
[ 43%] Built target aikido_constraint
[ 43%] [32m[1mLinking CXX shared library libaikido_trajectory.so[0m
[ 43%] Built target aikido_trajectory
[35m[1mScanning dependencies of target aikido_planner_parabolic[0m
[35m[1mScanning dependencies of target aikido_planner[0m
[35m[1mScanning dependencies of target aikido_control[0m
[35m[1mScanning dependencies of target aikido_planner_kunzretimer[0m
[35m[1mScanning dependencies of target aikido_io[0m
[ 43%] [32mBuilding CXX object src/planner/kunzretimer/CMakeFiles/aikido_planner_kunzretimer.dir/KunzRetimer.cpp.o[0m
[ 43%] [32mBuilding CXX object src/io/CMakeFiles/aikido_io.dir/CatkinResourceRetriever.cpp.o[0m
[ 43%] [32mBuilding CXX object src/io/CMakeFiles/aikido_io.dir/KinBodyParser.cpp.o[0m
[ 43%] [32mBuilding CXX object src/control/CMakeFiles/aikido_control.dir/Executor.cpp.o[0m
[ 43%] [32mBuilding CXX object src/io/CMakeFiles/aikido_io.dir/yaml.cpp.o[0m
[ 43%] [32mBuilding CXX object src/control/CMakeFiles/aikido_control.dir/InstantaneousTrajectoryExecutor.cpp.o[0m
[ 45%] [32mBuilding CXX object src/control/CMakeFiles/aikido_control.dir/KinematicSimulationTrajectoryExecutor.cpp.o[0m
[ 45%] [32mBuilding CXX object src/control/CMakeFiles/aikido_control.dir/KinematicSimulationJointCommandExecutor.cpp.o[0m
[ 45%] [32mBuilding CXX object src/planner/parabolic/CMakeFiles/aikido_planner_parabolic.dir/ParabolicTimer.cpp.o[0m
[ 47%] [32mBuilding CXX object src/control/CMakeFiles/aikido_control.dir/TrajectoryRunningException.cpp.o[0m
[ 50%] [32mBuilding CXX object src/io/CMakeFiles/aikido_io.dir/util.cpp.o[0m
[ 50%] [32mBuilding CXX object src/io/CMakeFiles/aikido_io.dir/trajectory.cpp.o[0m
[ 50%] [32mBuilding CXX object src/planner/parabolic/CMakeFiles/aikido_planner_parabolic.dir/ParabolicUtil.cpp.o[0m
[ 50%] [32mBuilding CXX object src/control/CMakeFiles/aikido_control.dir/QueuedTrajectoryExecutor.cpp.o[0m
[ 52%] [32mBuilding CXX object src/planner/parabolic/CMakeFiles/aikido_planner_parabolic.dir/ParabolicSmoother.cpp.o[0m
[ 52%] [32mBuilding CXX object src/control/CMakeFiles/aikido_control.dir/VisualServoingVelocityExecutor.cpp.o[0m
[ 52%] [32mBuilding CXX object src/control/CMakeFiles/aikido_control.dir/JacobianExecutor.cpp.o[0m
[ 52%] [32mBuilding CXX object src/planner/parabolic/CMakeFiles/aikido_planner_parabolic.dir/HauserParabolicSmootherHelpers.cpp.o[0m
[ 52%] [32mBuilding CXX object src/planner/CMakeFiles/aikido_planner.dir/ConfigurationToConfiguration.cpp.o[0m
[ 52%] [32mBuilding CXX object src/planner/CMakeFiles/aikido_planner.dir/ConfigurationToConfigurationsPlanner.cpp.o[0m
[ 52%] [32mBuilding CXX object src/planner/CMakeFiles/aikido_planner.dir/ConfigurationToConfigurationPlanner.cpp.o[0m
[ 54%] [32mBuilding CXX object src/planner/CMakeFiles/aikido_planner.dir/FirstSupportedMetaPlanner.cpp.o[0m
[ 54%] [32mBuilding CXX object src/planner/CMakeFiles/aikido_planner.dir/CompositePlanner.cpp.o[0m
[ 56%] [32mBuilding CXX object src/planner/CMakeFiles/aikido_planner.dir/ConfigurationToConfigurations.cpp.o[0m
[ 56%] [32mBuilding CXX object src/planner/CMakeFiles/aikido_planner.dir/Planner.cpp.o[0m
[ 56%] [32mBuilding CXX object src/planner/CMakeFiles/aikido_planner.dir/PlanningResult.cpp.o[0m
[ 56%] [32mBuilding CXX object src/planner/CMakeFiles/aikido_planner.dir/Problem.cpp.o[0m
[ 58%] [32mBuilding CXX object src/planner/CMakeFiles/aikido_planner.dir/RankedMetaPlanner.cpp.o[0m
[ 58%] [32mBuilding CXX object src/planner/CMakeFiles/aikido_planner.dir/SnapConfigurationToConfigurationPlanner.cpp.o[0m
[ 58%] [32mBuilding CXX object src/planner/CMakeFiles/aikido_planner.dir/SnapPlanner.cpp.o[0m
[ 58%] [32mBuilding CXX object src/planner/CMakeFiles/aikido_planner.dir/SequenceMetaPlanner.cpp.o[0m
[ 60%] [32mBuilding CXX object src/planner/CMakeFiles/aikido_planner.dir/World.cpp.o[0m
[ 60%] [32mBuilding CXX object src/planner/CMakeFiles/aikido_planner.dir/WorldStateSaver.cpp.o[0m
[ 60%] [32mBuilding CXX object src/planner/CMakeFiles/aikido_planner.dir/dart/ConfigurationToConfiguration.cpp.o[0m
[ 60%] [32mBuilding CXX object src/planner/CMakeFiles/aikido_planner.dir/dart/ConfigurationToConfigurationPlanner.cpp.o[0m
[ 62%] [32mBuilding CXX object src/planner/CMakeFiles/aikido_planner.dir/dart/ConfigurationToConfigurations.cpp.o[0m
[ 62%] [32mBuilding CXX object src/planner/CMakeFiles/aikido_planner.dir/dart/ConfigurationToConfigurationsPlanner.cpp.o[0m
[ 62%] [32mBuilding CXX object src/planner/CMakeFiles/aikido_planner.dir/dart/ConfigurationToEndEffectorOffset.cpp.o[0m
[ 62%] [32mBuilding CXX object src/planner/CMakeFiles/aikido_planner.dir/dart/ConfigurationToEndEffectorPose.cpp.o[0m
[ 64%] [32mBuilding CXX object src/planner/CMakeFiles/aikido_planner.dir/dart/ConfigurationToTSR.cpp.o[0m
[ 64%] [32mBuilding CXX object src/planner/CMakeFiles/aikido_planner.dir/dart/ConfigurationToEndEffectorOffsetPlanner.cpp.o[0m
[ 64%] [32mBuilding CXX object src/planner/CMakeFiles/aikido_planner.dir/dart/ConfigurationToEndEffectorPosePlanner.cpp.o[0m
[ 64%] [32mBuilding CXX object src/planner/CMakeFiles/aikido_planner.dir/dart/ConfigurationToConfiguration_to_ConfigurationToTSR.cpp.o[0m
[ 64%] [32mBuilding CXX object src/planner/CMakeFiles/aikido_planner.dir/dart/ConfigurationToConfiguration_to_ConfigurationToConfigurations.cpp.o[0m
[ 66%] [32mBuilding CXX object src/planner/CMakeFiles/aikido_planner.dir/dart/ConfigurationToTSRPlanner.cpp.o[0m
[ 66%] [32mBuilding CXX object src/planner/CMakeFiles/aikido_planner.dir/dart/ConfigurationToConfiguration_to_ConfigurationToConfiguration.cpp.o[0m
[ 68%] [32mBuilding CXX object src/planner/CMakeFiles/aikido_planner.dir/dart/util.cpp.o[0m
[ 68%] [32m[1mLinking CXX shared library libaikido_planner_kunzretimer.so[0m
[ 68%] Built target aikido_planner_kunzretimer
[ 68%] [32m[1mLinking CXX shared library libaikido_io.so[0m
[ 68%] [32m[1mLinking CXX shared library libaikido_planner_parabolic.so[0m
[ 68%] [32m[1mLinking CXX shared library libaikido_control.so[0m
[ 68%] Built target aikido_planner_parabolic
[ 68%] Built target aikido_io
[ 68%] Built target aikido_control
[35m[1mScanning dependencies of target aikido_control_ros[0m
[35m[1mScanning dependencies of target aikido_perception[0m
[ 70%] [32mBuilding CXX object src/perception/CMakeFiles/aikido_perception.dir/VoxelGridModule.cpp.o[0m
[ 70%] [32mBuilding CXX object src/perception/CMakeFiles/aikido_perception.dir/AssetDatabase.cpp.o[0m
[ 70%] [32mBuilding CXX object src/perception/CMakeFiles/aikido_perception.dir/PoseEstimatorModule.cpp.o[0m
[ 72%] [32mBuilding CXX object src/perception/CMakeFiles/aikido_perception.dir/shape_conversions.cpp.o[0m
[ 72%] [32mBuilding CXX object src/perception/CMakeFiles/aikido_perception.dir/DetectedObject.cpp.o[0m
[ 75%] [32mBuilding CXX object src/control/ros/CMakeFiles/aikido_control_ros.dir/RosTrajectoryExecutor.cpp.o[0m
[ 75%] [32mBuilding CXX object src/control/ros/CMakeFiles/aikido_control_ros.dir/RosTrajectoryExecutionException.cpp.o[0m
[ 75%] [32mBuilding CXX object src/control/ros/CMakeFiles/aikido_control_ros.dir/RosJointStateClient.cpp.o[0m
[ 75%] [32mBuilding CXX object src/control/ros/CMakeFiles/aikido_control_ros.dir/Conversions.cpp.o[0m
[ 75%] [32mBuilding CXX object src/control/ros/CMakeFiles/aikido_control_ros.dir/RosJointGroupCommandClient.cpp.o[0m
[ 77%] [32mBuilding CXX object src/control/ros/CMakeFiles/aikido_control_ros.dir/RosJointCommandExecutor.cpp.o[0m
[ 77%] [32m[1mLinking CXX shared library libaikido_planner.so[0m
[ 77%] Built target aikido_planner
[35m[1mScanning dependencies of target aikido_planner_ompl[0m
[35m[1mScanning dependencies of target aikido_planner_vectorfield[0m
[35m[1mScanning dependencies of target aikido_rviz[0m
[ 77%] [32mBuilding CXX object src/rviz/CMakeFiles/aikido_rviz.dir/FrameMarker.cpp.o[0m
[ 79%] [32mBuilding CXX object src/rviz/CMakeFiles/aikido_rviz.dir/BodyNodeMarker.cpp.o[0m
[ 83%] [32mBuilding CXX object src/rviz/CMakeFiles/aikido_rviz.dir/ShapeFrameMarker.cpp.o[0m
[ 83%] [32mBuilding CXX object src/rviz/CMakeFiles/aikido_rviz.dir/SkeletonMarker.cpp.o[0m
[ 83%] [32mBuilding CXX object src/rviz/CMakeFiles/aikido_rviz.dir/TrajectoryMarker.cpp.o[0m
[ 83%] [32mBuilding CXX object src/rviz/CMakeFiles/aikido_rviz.dir/shape_conversions.cpp.o[0m
[ 83%] [32mBuilding CXX object src/rviz/CMakeFiles/aikido_rviz.dir/InteractiveMarkerViewer.cpp.o[0m
[ 83%] [32mBuilding CXX object src/rviz/CMakeFiles/aikido_rviz.dir/ResourceServer.cpp.o[0m
[ 85%] [32mBuilding CXX object src/rviz/CMakeFiles/aikido_rviz.dir/TSRMarker.cpp.o[0m
[ 85%] [32mBuilding CXX object src/planner/ompl/CMakeFiles/aikido_planner_ompl.dir/CRRT.cpp.o[0m
[ 85%] [32mBuilding CXX object src/planner/ompl/CMakeFiles/aikido_planner_ompl.dir/CRRTConnect.cpp.o[0m
[ 85%] [32mBuilding CXX object src/planner/ompl/CMakeFiles/aikido_planner_ompl.dir/dart.cpp.o[0m
[ 87%] [32mBuilding CXX object src/planner/vectorfield/CMakeFiles/aikido_planner_vectorfield.dir/VectorFieldPlanner.cpp.o[0m
[ 87%] [32mBuilding CXX object src/planner/vectorfield/CMakeFiles/aikido_planner_vectorfield.dir/VectorField.cpp.o[0m
[ 87%] [32mBuilding CXX object src/planner/vectorfield/CMakeFiles/aikido_planner_vectorfield.dir/VectorFieldUtil.cpp.o[0m
[ 87%] [32mBuilding CXX object src/planner/vectorfield/CMakeFiles/aikido_planner_vectorfield.dir/VectorFieldConfigurationToEndEffectorOffsetPlanner.cpp.o[0m
[ 89%] [32mBuilding CXX object src/planner/vectorfield/CMakeFiles/aikido_planner_vectorfield.dir/VectorFieldConfigurationToEndEffectorPosePlanner.cpp.o[0m
[ 89%] [32mBuilding CXX object src/planner/ompl/CMakeFiles/aikido_planner_ompl.dir/GeometricStateSpace.cpp.o[0m
[ 89%] [32mBuilding CXX object src/planner/vectorfield/CMakeFiles/aikido_planner_vectorfield.dir/detail/VectorFieldIntegrator.cpp.o[0m
[ 91%] [32mBuilding CXX object src/planner/ompl/CMakeFiles/aikido_planner_ompl.dir/GoalRegion.cpp.o[0m
[ 91%] [32mBuilding CXX object src/planner/ompl/CMakeFiles/aikido_planner_ompl.dir/MotionValidator.cpp.o[0m
[ 91%] [32mBuilding CXX object src/planner/ompl/CMakeFiles/aikido_planner_ompl.dir/Planner.cpp.o[0m
[ 91%] [32mBuilding CXX object src/planner/ompl/CMakeFiles/aikido_planner_ompl.dir/StateSampler.cpp.o[0m
[ 93%] [32mBuilding CXX object src/planner/ompl/CMakeFiles/aikido_planner_ompl.dir/StateValidityChecker.cpp.o[0m
[ 93%] [32mBuilding CXX object src/planner/vectorfield/CMakeFiles/aikido_planner_vectorfield.dir/detail/VectorFieldPlannerExceptions.cpp.o[0m
[ 95%] [32mBuilding CXX object src/planner/vectorfield/CMakeFiles/aikido_planner_vectorfield.dir/MoveEndEffectorOffsetVectorField.cpp.o[0m
[ 95%] [32mBuilding CXX object src/planner/vectorfield/CMakeFiles/aikido_planner_vectorfield.dir/BodyNodePoseVectorField.cpp.o[0m
[ 95%] [32mBuilding CXX object src/planner/vectorfield/CMakeFiles/aikido_planner_vectorfield.dir/MoveEndEffectorPoseVectorField.cpp.o[0m
[ 95%] [32m[1mLinking CXX shared library libaikido_perception.so[0m
[ 95%] [32m[1mLinking CXX shared library libaikido_planner_ompl.so[0m
[ 95%] [32m[1mLinking CXX shared library libaikido_planner_vectorfield.so[0m
[ 95%] [32m[1mLinking CXX shared library libaikido_control_ros.so[0m
[ 95%] Built target aikido_planner_vectorfield
[ 95%] Built target aikido_perception
[ 95%] Built target aikido_planner_ompl
[35m[1mScanning dependencies of target aikido_robot[0m
[ 95%] [32mBuilding CXX object src/robot/CMakeFiles/aikido_robot.dir/GrabMetadata.cpp.o[0m
[ 95%] [32mBuilding CXX object src/robot/CMakeFiles/aikido_robot.dir/IkFast.cpp.o[0m
[ 97%] [32mBuilding CXX object src/robot/CMakeFiles/aikido_robot.dir/GradientDescentIk.cpp.o[0m
[ 97%] [32mBuilding CXX object src/robot/CMakeFiles/aikido_robot.dir/Robot.cpp.o[0m
[100%] [32mBuilding CXX object src/robot/CMakeFiles/aikido_robot.dir/util.cpp.o[0m
[100%] [32m[1mLinking CXX shared library libaikido_rviz.so[0m
[100%] Built target aikido_control_ros
[100%] Built target aikido_rviz
[100%] [32m[1mLinking CXX shared library libaikido_robot.so[0m
[100%] Built target aikido_robot
[35m[1mScanning dependencies of target aikido_robot_ros[0m
[100%] [32mBuilding CXX object src/robot/ros/CMakeFiles/aikido_robot_ros.dir/RosRobot.cpp.o[0m
[100%] [32m[1mLinking CXX shared library libaikido_robot_ros.so[0m
[100%] Built target aikido_robot_ros
