[35m[1mScanning dependencies of target _rosserial_arduino_generate_messages_check_deps_Adc[0m
[35m[1mScanning dependencies of target _rosserial_arduino_generate_messages_check_deps_Test[0m
[  0%] Built target _rosserial_arduino_generate_messages_check_deps_Test
[  0%] Built target _rosserial_arduino_generate_messages_check_deps_Adc
[35m[1mScanning dependencies of target rosserial_arduino_generate_messages_eus[0m
[35m[1mScanning dependencies of target rosserial_arduino_generate_messages_py[0m
[35m[1mScanning dependencies of target rosserial_arduino_generate_messages_cpp[0m
[35m[1mScanning dependencies of target rosserial_arduino_generate_messages_nodejs[0m
[35m[1mScanning dependencies of target rosserial_arduino_generate_messages_lisp[0m
[  7%] [34m[1mGenerating EusLisp code from rosserial_arduino/Adc.msg[0m
[ 15%] [34m[1mGenerating Lisp code from rosserial_arduino/Adc.msg[0m
[ 38%] [34m[1mGenerating C++ code from rosserial_arduino/Adc.msg[0m
[ 38%] [34m[1mGenerating EusLisp code from rosserial_arduino/Test.srv[0m
[ 46%] [34m[1mGenerating Python code from SRV rosserial_arduino/Test[0m
[ 53%] [34m[1mGenerating C++ code from rosserial_arduino/Test.srv[0m
[ 61%] [34m[1mGenerating Javascript code from rosserial_arduino/Adc.msg[0m
[ 38%] [34m[1mGenerating Javascript code from rosserial_arduino/Test.srv[0m
[ 76%] [34m[1mGenerating Python from MSG rosserial_arduino/Adc[0m
[ 76%] [34m[1mGenerating EusLisp manifest code for rosserial_arduino[0m
[ 84%] [34m[1mGenerating Lisp code from rosserial_arduino/Test.srv[0m
[ 84%] Built target rosserial_arduino_generate_messages_nodejs
[ 84%] Built target rosserial_arduino_generate_messages_lisp
[100%] [34m[1mGenerating Python srv __init__.py for rosserial_arduino[0m
[100%] [34m[1mGenerating Python msg __init__.py for rosserial_arduino[0m
[100%] Built target rosserial_arduino_generate_messages_cpp
[100%] Built target rosserial_arduino_generate_messages_py
[100%] Built target rosserial_arduino_generate_messages_eus
[35m[1mScanning dependencies of target rosserial_arduino_generate_messages[0m
[100%] Built target rosserial_arduino_generate_messages
