Not searching for unused variables given on the command line.
[36m--[0m The C compiler identification is GNU 9.4.0
[36m--[0m The CXX compiler identification is GNU 9.4.0
[36m--[0m Check for working C compiler: /usr/bin/cc
[36m--[0m Check for working C compiler: /usr/bin/cc -- works
[36m--[0m Detecting C compiler ABI info
[36m--[0m Detecting C compiler ABI info - done
[36m--[0m Detecting C compile features
[36m--[0m Detecting C compile features - done
[36m--[0m Check for working CXX compiler: /usr/bin/c++
[36m--[0m Check for working CXX compiler: /usr/bin/c++ -- works
[36m--[0m Detecting CXX compiler ABI info
[36m--[0m Detecting CXX compiler ABI info - done
[36m--[0m Detecting CXX compile features
[36m--[0m Detecting CXX compile features - done
[36m--[0m Found ccd: /usr/include (found suitable version "2.0", minimum required is "2.0")
[36m--[0m Found fcl: /opt/ros/noetic/include (found suitable version "0.6.1", minimum required is "0.3.2")
[36m--[0m Found assimp: /usr/include (found version "5.0.0")
[36m--[0m Found DART: /usr/include  found components: dart
[36m--[0m Found aikido: /home/emprise/wholearm_ws/controller_ws/devel/include  found components: constraint
[36m--[0m Looking for clang-format - NOT found, please install clang-format to enable automatic code formatting.
[36m--[0m Configuring done
[36m--[0m Generating done
[36m--[0m Build files have been written to: /home/emprise/wholearm_ws/controller_ws/build/pr_tsr
