Symlinking /home/emprise/wholearm_ws/wholearm_ws/devel/include/wholearm_skin_ros/TaxelData.h
Symlinking /home/emprise/wholearm_ws/wholearm_ws/devel/include/wholearm_skin_ros/FilterConfig.h
Symlinking /home/emprise/wholearm_ws/wholearm_ws/devel/lib/pkgconfig/wholearm_skin_ros.pc
Symlinking /home/emprise/wholearm_ws/wholearm_ws/devel/lib/python3/dist-packages/wholearm_skin_ros/__init__.py
Symlinking /home/emprise/wholearm_ws/wholearm_ws/devel/lib/python3/dist-packages/wholearm_skin_ros/cfg/__init__.py
Symlinking /home/emprise/wholearm_ws/wholearm_ws/devel/lib/python3/dist-packages/wholearm_skin_ros/cfg/FilterConfig.py
Symlinking /home/emprise/wholearm_ws/wholearm_ws/devel/lib/python3/dist-packages/wholearm_skin_ros/msg/__init__.py
Symlinking /home/emprise/wholearm_ws/wholearm_ws/devel/lib/python3/dist-packages/wholearm_skin_ros/msg/_TaxelData.py
Symlinking /home/emprise/wholearm_ws/wholearm_ws/devel/share/gennodejs/ros/wholearm_skin_ros/_index.js
Symlinking /home/emprise/wholearm_ws/wholearm_ws/devel/share/gennodejs/ros/wholearm_skin_ros/msg/_index.js
Symlinking /home/emprise/wholearm_ws/wholearm_ws/devel/share/gennodejs/ros/wholearm_skin_ros/msg/TaxelData.js
Symlinking /home/emprise/wholearm_ws/wholearm_ws/devel/share/wholearm_skin_ros/cmake/wholearm_skin_rosConfig.cmake
Symlinking /home/emprise/wholearm_ws/wholearm_ws/devel/share/wholearm_skin_ros/cmake/wholearm_skin_ros-msg-paths.cmake
Symlinking /home/emprise/wholearm_ws/wholearm_ws/devel/share/wholearm_skin_ros/cmake/wholearm_skin_rosConfig-version.cmake
Symlinking /home/emprise/wholearm_ws/wholearm_ws/devel/share/wholearm_skin_ros/cmake/wholearm_skin_ros-msg-extras.cmake
Symlinking /home/emprise/wholearm_ws/wholearm_ws/devel/share/wholearm_skin_ros/docs/FilterConfig.wikidoc
Symlinking /home/emprise/wholearm_ws/wholearm_ws/devel/share/wholearm_skin_ros/docs/FilterConfig.dox
Symlinking /home/emprise/wholearm_ws/wholearm_ws/devel/share/wholearm_skin_ros/docs/FilterConfig-usage.dox
Symlinking /home/emprise/wholearm_ws/wholearm_ws/devel/share/common-lisp/ros/wholearm_skin_ros/msg/_package.lisp
Symlinking /home/emprise/wholearm_ws/wholearm_ws/devel/share/common-lisp/ros/wholearm_skin_ros/msg/TaxelData.lisp
Symlinking /home/emprise/wholearm_ws/wholearm_ws/devel/share/common-lisp/ros/wholearm_skin_ros/msg/_package_TaxelData.lisp
Symlinking /home/emprise/wholearm_ws/wholearm_ws/devel/share/common-lisp/ros/wholearm_skin_ros/msg/wholearm_skin_ros-msg.asd
Symlinking /home/emprise/wholearm_ws/wholearm_ws/devel/share/roseus/ros/wholearm_skin_ros/manifest.l
Symlinking /home/emprise/wholearm_ws/wholearm_ws/devel/share/roseus/ros/wholearm_skin_ros/msg/TaxelData.l
