[35m[1mScanning dependencies of target std_msgs_generate_messages_eus[0m
[35m[1mScanning dependencies of target _yui_bathing_generate_messages_check_deps_Perception[0m
[35m[1mScanning dependencies of target std_msgs_generate_messages_py[0m
[35m[1mScanning dependencies of target std_msgs_generate_messages_cpp[0m
[35m[1mScanning dependencies of target sensor_msgs_generate_messages_nodejs[0m
[35m[1mScanning dependencies of target _yui_bathing_generate_messages_check_deps_PatchProcessor[0m
[35m[1mScanning dependencies of target sensor_msgs_generate_messages_eus[0m
[35m[1mScanning dependencies of target sensor_msgs_generate_messages_cpp[0m
[35m[1mScanning dependencies of target std_msgs_generate_messages_lisp[0m
[35m[1mScanning dependencies of target std_msgs_generate_messages_nodejs[0m
[35m[1mScanning dependencies of target feeding[0m
[35m[1mScanning dependencies of target sensor_msgs_generate_messages_py[0m
[35m[1mScanning dependencies of target sensor_msgs_generate_messages_lisp[0m
[  0%] Built target std_msgs_generate_messages_py
[  0%] Built target std_msgs_generate_messages_cpp
[  0%] Built target std_msgs_generate_messages_eus
[  0%] Built target sensor_msgs_generate_messages_eus
[  0%] Built target sensor_msgs_generate_messages_nodejs
[  0%] Built target sensor_msgs_generate_messages_cpp
[  0%] Built target std_msgs_generate_messages_lisp
[  0%] Built target std_msgs_generate_messages_nodejs
[  0%] Built target sensor_msgs_generate_messages_py
[  0%] Built target sensor_msgs_generate_messages_lisp
[  0%] Built target _yui_bathing_generate_messages_check_deps_Perception
[  0%] Built target _yui_bathing_generate_messages_check_deps_PatchProcessor
[35m[1mScanning dependencies of target yui_bathing_generate_messages_nodejs[0m
[35m[1mScanning dependencies of target yui_bathing_generate_messages_cpp[0m
[35m[1mScanning dependencies of target yui_bathing_generate_messages_py[0m
[35m[1mScanning dependencies of target yui_bathing_generate_messages_eus[0m
[35m[1mScanning dependencies of target yui_bathing_generate_messages_lisp[0m
[  7%] [34m[1mGenerating Python code from SRV yui_bathing/PatchProcessor[0m
[  7%] [34m[1mGenerating Python code from SRV yui_bathing/Perception[0m
[ 11%] [34m[1mGenerating Javascript code from yui_bathing/Perception.srv[0m
[ 19%] [34m[1mGenerating EusLisp code from yui_bathing/PatchProcessor.srv[0m
[ 19%] [34m[1mGenerating C++ code from yui_bathing/Perception.srv[0m
[ 23%] [34m[1mGenerating EusLisp code from yui_bathing/Perception.srv[0m
[ 30%] [34m[1mGenerating Lisp code from yui_bathing/PatchProcessor.srv[0m
[ 30%] [34m[1mGenerating Javascript code from yui_bathing/PatchProcessor.srv[0m
[ 38%] [34m[1mGenerating Lisp code from yui_bathing/Perception.srv[0m
[ 38%] [34m[1mGenerating EusLisp manifest code for yui_bathing[0m
[ 42%] [34m[1mGenerating C++ code from yui_bathing/PatchProcessor.srv[0m
[ 42%] Built target yui_bathing_generate_messages_nodejs
[ 42%] Built target yui_bathing_generate_messages_lisp
[ 46%] [32mBuilding CXX object CMakeFiles/feeding.dir/src/FTThresholdHelper.cpp.o[0m
[ 50%] [32mBuilding CXX object CMakeFiles/feeding.dir/src/nodes/bathingNodes.cpp.o[0m
[ 53%] [32mBuilding CXX object CMakeFiles/feeding.dir/src/nodes/adaNodes.cpp.o[0m
[ 57%] [32mBuilding CXX object CMakeFiles/feeding.dir/src/main.cpp.o[0m
[ 61%] [32mBuilding CXX object CMakeFiles/feeding.dir/src/nodes/configNodes.cpp.o[0m
[ 65%] [32mBuilding CXX object CMakeFiles/feeding.dir/src/nodes/nodes.cpp.o[0m
[ 69%] [32mBuilding CXX object CMakeFiles/feeding.dir/src/nodes/debug.cpp.o[0m
[ 73%] [32mBuilding CXX object CMakeFiles/feeding.dir/src/nodes/forqueNodes.cpp.o[0m
[ 76%] [32mBuilding CXX object CMakeFiles/feeding.dir/src/nodes/worldNodes.cpp.o[0m
[ 80%] [32mBuilding CXX object CMakeFiles/feeding.dir/src/nodes/perceptionNodes.cpp.o[0m
[ 84%] [32mBuilding CXX object CMakeFiles/feeding.dir/src/nodes/rosNodes.cpp.o[0m
[ 88%] [32mBuilding CXX object CMakeFiles/feeding.dir/src/nodes/robotNodes.cpp.o[0m
[ 92%] [32mBuilding CXX object CMakeFiles/feeding.dir/src/nodes/safetyNodes.cpp.o[0m
[ 96%] [34m[1mGenerating Python srv __init__.py for yui_bathing[0m
[ 96%] Built target yui_bathing_generate_messages_cpp
[ 96%] Built target yui_bathing_generate_messages_py
[ 96%] Built target yui_bathing_generate_messages_eus
[35m[1mScanning dependencies of target yui_bathing_generate_messages[0m
[ 96%] Built target yui_bathing_generate_messages
[01m[K/home/emprise/wholearm_ws/controller_ws/src/yui_bathing/src/nodes/bathingNodes.cpp:[m[K In function ‘[01m[Kvoid feeding::nodes::registerNodes(BT::BehaviorTreeFactory&, ros::NodeHandle&, ada::Ada&)[m[K’:
[01m[K/home/emprise/wholearm_ws/controller_ws/src/yui_bathing/src/nodes/bathingNodes.cpp:92:69:[m[K [01;35m[Kwarning: [m[Kunused parameter ‘[01m[Krobot[m[K’ [[01;35m[K-Wunused-parameter[m[K]
   92 |                               ros::NodeHandle & /*&nh */, [01;35m[Kada::Ada &robot[m[K)
      |                                                           [01;35m[K~~~~~~~~~~^~~~~[m[K
[100%] [32m[1mLinking CXX executable devel/lib/yui_bathing/feeding[0m
/usr/bin/ld: warning: libfcl.so.0.5, needed by /usr/lib/x86_64-linux-gnu/libdart.so.6.9.2, may conflict with libfcl.so.0.6
[100%] Built target feeding
