Not searching for unused variables given on the command line.
[36m--[0m The C compiler identification is GNU 9.4.0
[36m--[0m The CXX compiler identification is GNU 9.4.0
[36m--[0m Check for working C compiler: /usr/bin/cc
[36m--[0m Check for working C compiler: /usr/bin/cc -- works
[36m--[0m Detecting C compiler ABI info
[36m--[0m Detecting C compiler ABI info - done
[36m--[0m Detecting C compile features
[36m--[0m Detecting C compile features - done
[36m--[0m Check for working CXX compiler: /usr/bin/c++
[36m--[0m Check for working CXX compiler: /usr/bin/c++ -- works
[36m--[0m Detecting CXX compiler ABI info
[36m--[0m Detecting CXX compiler ABI info - done
[36m--[0m Detecting CXX compile features
[36m--[0m Detecting CXX compile features - done
[36m--[0m Using CATKIN_DEVEL_PREFIX: /home/emprise/wholearm_ws/controller_ws/build/yui_bathing/devel
[36m--[0m Using CMAKE_PREFIX_PATH: /home/emprise/wholearm_ws/controller_ws/devel;/opt/ros/noetic
[36m--[0m This workspace overlays: /home/emprise/wholearm_ws/controller_ws/devel;/opt/ros/noetic
[36m--[0m Found PythonInterp: /home/emprise/miniconda3/envs/openmmlab/bin/python3 (found suitable version "3.8.16", minimum required is "3")
[36m--[0m Using PYTHON_EXECUTABLE: /home/emprise/miniconda3/envs/openmmlab/bin/python3
[36m--[0m Using Debian Python package layout
[36m--[0m Found PY_em: /home/emprise/miniconda3/envs/openmmlab/lib/python3.8/site-packages/em.py
[36m--[0m Using empy: /home/emprise/miniconda3/envs/openmmlab/lib/python3.8/site-packages/em.py
[36m--[0m Using CATKIN_ENABLE_TESTING: ON
[36m--[0m Call enable_testing()
[36m--[0m Using CATKIN_TEST_RESULTS_DIR: /home/emprise/wholearm_ws/controller_ws/build/yui_bathing/test_results
[36m--[0m Forcing gtest/gmock from source, though one was otherwise available.
[36m--[0m Found gtest sources under '/usr/src/googletest': gtests will be built
[36m--[0m Found gmock sources under '/usr/src/googletest': gmock will be built
[36m--[0m Found PythonInterp: /home/emprise/miniconda3/envs/openmmlab/bin/python3 (found version "3.8.16")
[36m--[0m Found Threads: TRUE
[36m--[0m Using Python nosetests: /usr/bin/nosetests3
[36m--[0m catkin 0.8.10
[36m--[0m BUILD_SHARED_LIBS is on
[36m--[0m Using these message generators: gencpp;geneus;genlisp;gennodejs;genpy
[36m--[0m yui_bathing: 0 messages, 2 services
[36m--[0m Found ccd: /usr/include (found suitable version "2.0", minimum required is "2.0")
[36m--[0m Found fcl: /opt/ros/noetic/include (found suitable version "0.6.1", minimum required is "0.3.2")
[36m--[0m Found assimp: /usr/include (found version "5.0.0")
[36m--[0m Found DART: /usr/include (Required is at least version "6.6.2") found components: utils utils-urdf optimizer-nlopt dart
[36m--[0m Found aikido: /home/emprise/wholearm_ws/controller_ws/devel/include (Required is at least version "0.4.0") found components: common constraint control control_ros distance io perception planner planner_kunzretimer planner_ompl planner_parabolic planner_vectorfield robot robot_ros rviz statespace
[36m--[0m rewd controllers found!
[36m--[0m Found clang-format-10.
[36m--[0m Formatting on 16 source files.
[36m--[0m Configuring done
[36m--[0m Generating done
[36m--[0m Build files have been written to: /home/emprise/wholearm_ws/controller_ws/build/yui_bathing
