Linked: (/home/emprise/wholearm_ws/controller_ws/devel/.private/behaviortree_cpp/lib/liblexy_file.a, /home/emprise/wholearm_ws/controller_ws/devel/lib/liblexy_file.a)
Linked: (/home/emprise/wholearm_ws/controller_ws/devel/.private/behaviortree_cpp/lib/libbehaviortree_cpp.so, /home/emprise/wholearm_ws/controller_ws/devel/lib/libbehaviortree_cpp.so)
Linked: (/home/emprise/wholearm_ws/controller_ws/devel/.private/behaviortree_cpp/lib/pkgconfig/behaviortree_cpp.pc, /home/emprise/wholearm_ws/controller_ws/devel/lib/pkgconfig/behaviortree_cpp.pc)
Linked: (/home/emprise/wholearm_ws/controller_ws/devel/.private/behaviortree_cpp/lib/behaviortree_cpp/bt3_plugin_manifest, /home/emprise/wholearm_ws/controller_ws/devel/lib/behaviortree_cpp/bt3_plugin_manifest)
Linked: (/home/emprise/wholearm_ws/controller_ws/devel/.private/behaviortree_cpp/lib/behaviortree_cpp/bt3_log_cat, /home/emprise/wholearm_ws/controller_ws/devel/lib/behaviortree_cpp/bt3_log_cat)
Linked: (/home/emprise/wholearm_ws/controller_ws/devel/.private/behaviortree_cpp/lib/behaviortree_cpp/t07_load_multiple_xml, /home/emprise/wholearm_ws/controller_ws/devel/lib/behaviortree_cpp/t07_load_multiple_xml)
Linked: (/home/emprise/wholearm_ws/controller_ws/devel/.private/behaviortree_cpp/lib/behaviortree_cpp/ex02_runtime_ports, /home/emprise/wholearm_ws/controller_ws/devel/lib/behaviortree_cpp/ex02_runtime_ports)
Linked: (/home/emprise/wholearm_ws/controller_ws/devel/.private/behaviortree_cpp/lib/behaviortree_cpp/t05_crossdoor, /home/emprise/wholearm_ws/controller_ws/devel/lib/behaviortree_cpp/t05_crossdoor)
Linked: (/home/emprise/wholearm_ws/controller_ws/devel/.private/behaviortree_cpp/lib/behaviortree_cpp/t08_additional_node_args, /home/emprise/wholearm_ws/controller_ws/devel/lib/behaviortree_cpp/t08_additional_node_args)
Linked: (/home/emprise/wholearm_ws/controller_ws/devel/.private/behaviortree_cpp/lib/behaviortree_cpp/bt3_recorder, /home/emprise/wholearm_ws/controller_ws/devel/lib/behaviortree_cpp/bt3_recorder)
Linked: (/home/emprise/wholearm_ws/controller_ws/devel/.private/behaviortree_cpp/lib/behaviortree_cpp/ex01_wrap_legacy, /home/emprise/wholearm_ws/controller_ws/devel/lib/behaviortree_cpp/ex01_wrap_legacy)
Linked: (/home/emprise/wholearm_ws/controller_ws/devel/.private/behaviortree_cpp/lib/behaviortree_cpp/t06_subtree_port_remapping, /home/emprise/wholearm_ws/controller_ws/devel/lib/behaviortree_cpp/t06_subtree_port_remapping)
Linked: (/home/emprise/wholearm_ws/controller_ws/devel/.private/behaviortree_cpp/lib/behaviortree_cpp/t09_scripting, /home/emprise/wholearm_ws/controller_ws/devel/lib/behaviortree_cpp/t09_scripting)
Linked: (/home/emprise/wholearm_ws/controller_ws/devel/.private/behaviortree_cpp/lib/behaviortree_cpp/t02_basic_ports, /home/emprise/wholearm_ws/controller_ws/devel/lib/behaviortree_cpp/t02_basic_ports)
Linked: (/home/emprise/wholearm_ws/controller_ws/devel/.private/behaviortree_cpp/lib/behaviortree_cpp/t03_generic_ports, /home/emprise/wholearm_ws/controller_ws/devel/lib/behaviortree_cpp/t03_generic_ports)
Linked: (/home/emprise/wholearm_ws/controller_ws/devel/.private/behaviortree_cpp/lib/behaviortree_cpp/ex03_ncurses_manual_selector, /home/emprise/wholearm_ws/controller_ws/devel/lib/behaviortree_cpp/ex03_ncurses_manual_selector)
Linked: (/home/emprise/wholearm_ws/controller_ws/devel/.private/behaviortree_cpp/lib/behaviortree_cpp/t01_first_tree_static, /home/emprise/wholearm_ws/controller_ws/devel/lib/behaviortree_cpp/t01_first_tree_static)
Linked: (/home/emprise/wholearm_ws/controller_ws/devel/.private/behaviortree_cpp/lib/behaviortree_cpp/t04_reactive_sequence, /home/emprise/wholearm_ws/controller_ws/devel/lib/behaviortree_cpp/t04_reactive_sequence)
Linked: (/home/emprise/wholearm_ws/controller_ws/devel/.private/behaviortree_cpp/lib/behaviortree_cpp/ex04_waypoints, /home/emprise/wholearm_ws/controller_ws/devel/lib/behaviortree_cpp/ex04_waypoints)
Linked: (/home/emprise/wholearm_ws/controller_ws/devel/.private/behaviortree_cpp/lib/behaviortree_cpp/t01_first_tree_dynamic, /home/emprise/wholearm_ws/controller_ws/devel/lib/behaviortree_cpp/t01_first_tree_dynamic)
Linked: (/home/emprise/wholearm_ws/controller_ws/devel/.private/behaviortree_cpp/share/behaviortree_cpp/cmake/behaviortree_cppConfig.cmake, /home/emprise/wholearm_ws/controller_ws/devel/share/behaviortree_cpp/cmake/behaviortree_cppConfig.cmake)
Linked: (/home/emprise/wholearm_ws/controller_ws/devel/.private/behaviortree_cpp/share/behaviortree_cpp/cmake/behaviortree_cppConfig-version.cmake, /home/emprise/wholearm_ws/controller_ws/devel/share/behaviortree_cpp/cmake/behaviortree_cppConfig-version.cmake)
