[  2%] Built target lexy_file
[ 45%] Built target behaviortree_cpp
[ 50%] Built target bt3_plugin_manifest
[ 50%] Built target movebase_node_dyn
[ 52%] Built target bt3_log_cat
[ 53%] Built target dummy_nodes_dyn
[ 56%] Built target t01_first_tree_dynamic
[ 58%] Built target crossdoor_nodes_dyn
[ 61%] Built target bt3_recorder
[ 66%] Built target bt_sample_nodes
[ 69%] Built target ex04_waypoints
[ 72%] Built target t04_reactive_sequence
[ 82%] Built target t01_first_tree_static
[ 82%] Built target ex02_runtime_ports
[ 82%] Built target t09_scripting
[ 82%] Built target t02_basic_ports
[ 85%] Built target t05_crossdoor
[ 88%] Built target ex01_wrap_legacy
[ 89%] Built target t03_generic_ports
[ 92%] Built target t07_load_multiple_xml
[ 94%] Built target ex03_ncurses_manual_selector
[ 97%] Built target t06_subtree_port_remapping
[100%] Built target t08_additional_node_args
