[  2%] Built target lexy_file
[ 45%] Built target behaviortree_cpp
[ 50%] Built target movebase_node_dyn
[ 50%] Built target crossdoor_nodes_dyn
[ 53%] Built target bt3_plugin_manifest
[ 54%] Built target bt3_log_cat
[ 58%] Built target dummy_nodes_dyn
[ 58%] Built target t01_first_tree_dynamic
[ 64%] Built target bt_sample_nodes
[ 66%] Built target bt3_recorder
[ 69%] Built target t04_reactive_sequence
[ 72%] Built target t01_first_tree_static
[ 74%] Built target t02_basic_ports
[ 77%] Built target ex04_waypoints
[ 80%] Built target t06_subtree_port_remapping
[ 82%] Built target ex02_runtime_ports
[ 84%] Built target t03_generic_ports
[ 86%] Built target t07_load_multiple_xml
[ 89%] Built target t05_crossdoor
[ 92%] Built target ex03_ncurses_manual_selector
[ 94%] Built target ex01_wrap_legacy
[ 97%] Built target t09_scripting
[100%] Built target t08_additional_node_args
