Symlinking /home/emprise/wholearm_ws/controller_ws/devel/lib/liblexy_file.a
Symlinking /home/emprise/wholearm_ws/controller_ws/devel/lib/libbehaviortree_cpp.so
Symlinking /home/emprise/wholearm_ws/controller_ws/devel/lib/pkgconfig/behaviortree_cpp.pc
Symlinking /home/emprise/wholearm_ws/controller_ws/devel/lib/behaviortree_cpp/bt3_plugin_manifest
Symlinking /home/emprise/wholearm_ws/controller_ws/devel/lib/behaviortree_cpp/bt3_log_cat
Symlinking /home/emprise/wholearm_ws/controller_ws/devel/lib/behaviortree_cpp/t07_load_multiple_xml
Symlinking /home/emprise/wholearm_ws/controller_ws/devel/lib/behaviortree_cpp/ex02_runtime_ports
Symlinking /home/emprise/wholearm_ws/controller_ws/devel/lib/behaviortree_cpp/t05_crossdoor
Symlinking /home/emprise/wholearm_ws/controller_ws/devel/lib/behaviortree_cpp/t08_additional_node_args
Symlinking /home/emprise/wholearm_ws/controller_ws/devel/lib/behaviortree_cpp/bt3_recorder
Symlinking /home/emprise/wholearm_ws/controller_ws/devel/lib/behaviortree_cpp/ex01_wrap_legacy
Symlinking /home/emprise/wholearm_ws/controller_ws/devel/lib/behaviortree_cpp/t06_subtree_port_remapping
Symlinking /home/emprise/wholearm_ws/controller_ws/devel/lib/behaviortree_cpp/t09_scripting
Symlinking /home/emprise/wholearm_ws/controller_ws/devel/lib/behaviortree_cpp/t02_basic_ports
Symlinking /home/emprise/wholearm_ws/controller_ws/devel/lib/behaviortree_cpp/t03_generic_ports
Symlinking /home/emprise/wholearm_ws/controller_ws/devel/lib/behaviortree_cpp/ex03_ncurses_manual_selector
Symlinking /home/emprise/wholearm_ws/controller_ws/devel/lib/behaviortree_cpp/t01_first_tree_static
Symlinking /home/emprise/wholearm_ws/controller_ws/devel/lib/behaviortree_cpp/t04_reactive_sequence
Symlinking /home/emprise/wholearm_ws/controller_ws/devel/lib/behaviortree_cpp/ex04_waypoints
Symlinking /home/emprise/wholearm_ws/controller_ws/devel/lib/behaviortree_cpp/t01_first_tree_dynamic
Symlinking /home/emprise/wholearm_ws/controller_ws/devel/share/behaviortree_cpp/cmake/behaviortree_cppConfig.cmake
Symlinking /home/emprise/wholearm_ws/controller_ws/devel/share/behaviortree_cpp/cmake/behaviortree_cppConfig-version.cmake
