Symlinking /home/emprise/wholearm_ws/controller_ws/devel/include/pr_control_msgs/TriggerResult.h
Symlinking /home/emprise/wholearm_ws/controller_ws/devel/include/pr_control_msgs/SetPositionFeedback.h
Symlinking /home/emprise/wholearm_ws/controller_ws/devel/include/pr_control_msgs/JointModeCommandAction.h
Symlinking /home/emprise/wholearm_ws/controller_ws/devel/include/pr_control_msgs/SetPositionActionGoal.h
Symlinking /home/emprise/wholearm_ws/controller_ws/devel/include/pr_control_msgs/JointModeCommandFeedback.h
Symlinking /home/emprise/wholearm_ws/controller_ws/devel/include/pr_control_msgs/JointModeCommandActionGoal.h
Symlinking /home/emprise/wholearm_ws/controller_ws/devel/include/pr_control_msgs/JointModeCommandResult.h
Symlinking /home/emprise/wholearm_ws/controller_ws/devel/include/pr_control_msgs/SetPositionResult.h
Symlinking /home/emprise/wholearm_ws/controller_ws/devel/include/pr_control_msgs/SetForceTorqueThresholdActionGoal.h
Symlinking /home/emprise/wholearm_ws/controller_ws/devel/include/pr_control_msgs/TriggerActionGoal.h
Symlinking /home/emprise/wholearm_ws/controller_ws/devel/include/pr_control_msgs/SetPositionGoal.h
Symlinking /home/emprise/wholearm_ws/controller_ws/devel/include/pr_control_msgs/SetForceTorqueThresholdResult.h
Symlinking /home/emprise/wholearm_ws/controller_ws/devel/include/pr_control_msgs/SetPositionActionFeedback.h
Symlinking /home/emprise/wholearm_ws/controller_ws/devel/include/pr_control_msgs/JointGroupCommandActionGoal.h
Symlinking /home/emprise/wholearm_ws/controller_ws/devel/include/pr_control_msgs/JointModeCommandActionFeedback.h
Symlinking /home/emprise/wholearm_ws/controller_ws/devel/include/pr_control_msgs/JointGroupCommandFeedback.h
Symlinking /home/emprise/wholearm_ws/controller_ws/devel/include/pr_control_msgs/JointGroupCommandAction.h
Symlinking /home/emprise/wholearm_ws/controller_ws/devel/include/pr_control_msgs/JointModeCommandGoal.h
Symlinking /home/emprise/wholearm_ws/controller_ws/devel/include/pr_control_msgs/SetForceTorqueThresholdAction.h
Symlinking /home/emprise/wholearm_ws/controller_ws/devel/include/pr_control_msgs/SetForceTorqueThresholdFeedback.h
Symlinking /home/emprise/wholearm_ws/controller_ws/devel/include/pr_control_msgs/TriggerFeedback.h
Symlinking /home/emprise/wholearm_ws/controller_ws/devel/include/pr_control_msgs/SetForceTorqueThresholdActionFeedback.h
Symlinking /home/emprise/wholearm_ws/controller_ws/devel/include/pr_control_msgs/SetPositionActionResult.h
Symlinking /home/emprise/wholearm_ws/controller_ws/devel/include/pr_control_msgs/TriggerActionResult.h
Symlinking /home/emprise/wholearm_ws/controller_ws/devel/include/pr_control_msgs/SetForceTorqueThresholdGoal.h
Symlinking /home/emprise/wholearm_ws/controller_ws/devel/include/pr_control_msgs/JointGroupCommandGoal.h
Symlinking /home/emprise/wholearm_ws/controller_ws/devel/include/pr_control_msgs/TriggerActionFeedback.h
Symlinking /home/emprise/wholearm_ws/controller_ws/devel/include/pr_control_msgs/JointGroupCommandActionFeedback.h
Symlinking /home/emprise/wholearm_ws/controller_ws/devel/include/pr_control_msgs/TriggerAction.h
Symlinking /home/emprise/wholearm_ws/controller_ws/devel/include/pr_control_msgs/TriggerGoal.h
Symlinking /home/emprise/wholearm_ws/controller_ws/devel/include/pr_control_msgs/SetPositionAction.h
Symlinking /home/emprise/wholearm_ws/controller_ws/devel/include/pr_control_msgs/SetForceTorqueThresholdActionResult.h
Symlinking /home/emprise/wholearm_ws/controller_ws/devel/include/pr_control_msgs/JointGroupCommandActionResult.h
Symlinking /home/emprise/wholearm_ws/controller_ws/devel/include/pr_control_msgs/JointGroupCommandResult.h
Symlinking /home/emprise/wholearm_ws/controller_ws/devel/include/pr_control_msgs/JointModeCommandActionResult.h
Symlinking /home/emprise/wholearm_ws/controller_ws/devel/lib/pkgconfig/pr_control_msgs.pc
Symlinking /home/emprise/wholearm_ws/controller_ws/devel/lib/python3/dist-packages/pr_control_msgs/__init__.py
Symlinking /home/emprise/wholearm_ws/controller_ws/devel/lib/python3/dist-packages/pr_control_msgs/msg/_TriggerFeedback.py
Symlinking /home/emprise/wholearm_ws/controller_ws/devel/lib/python3/dist-packages/pr_control_msgs/msg/_JointModeCommandActionFeedback.py
Symlinking /home/emprise/wholearm_ws/controller_ws/devel/lib/python3/dist-packages/pr_control_msgs/msg/__init__.py
Symlinking /home/emprise/wholearm_ws/controller_ws/devel/lib/python3/dist-packages/pr_control_msgs/msg/_JointGroupCommandGoal.py
Symlinking /home/emprise/wholearm_ws/controller_ws/devel/lib/python3/dist-packages/pr_control_msgs/msg/_TriggerGoal.py
Symlinking /home/emprise/wholearm_ws/controller_ws/devel/lib/python3/dist-packages/pr_control_msgs/msg/_SetPositionResult.py
Symlinking /home/emprise/wholearm_ws/controller_ws/devel/lib/python3/dist-packages/pr_control_msgs/msg/_TriggerResult.py
Symlinking /home/emprise/wholearm_ws/controller_ws/devel/lib/python3/dist-packages/pr_control_msgs/msg/_SetForceTorqueThresholdActionFeedback.py
Symlinking /home/emprise/wholearm_ws/controller_ws/devel/lib/python3/dist-packages/pr_control_msgs/msg/_SetForceTorqueThresholdResult.py
Symlinking /home/emprise/wholearm_ws/controller_ws/devel/lib/python3/dist-packages/pr_control_msgs/msg/_SetPositionGoal.py
Symlinking /home/emprise/wholearm_ws/controller_ws/devel/lib/python3/dist-packages/pr_control_msgs/msg/_JointModeCommandGoal.py
Symlinking /home/emprise/wholearm_ws/controller_ws/devel/lib/python3/dist-packages/pr_control_msgs/msg/_JointGroupCommandResult.py
Symlinking /home/emprise/wholearm_ws/controller_ws/devel/lib/python3/dist-packages/pr_control_msgs/msg/_SetForceTorqueThresholdFeedback.py
Symlinking /home/emprise/wholearm_ws/controller_ws/devel/lib/python3/dist-packages/pr_control_msgs/msg/_TriggerActionResult.py
Symlinking /home/emprise/wholearm_ws/controller_ws/devel/lib/python3/dist-packages/pr_control_msgs/msg/_JointGroupCommandActionFeedback.py
Symlinking /home/emprise/wholearm_ws/controller_ws/devel/lib/python3/dist-packages/pr_control_msgs/msg/_SetForceTorqueThresholdGoal.py
Symlinking /home/emprise/wholearm_ws/controller_ws/devel/lib/python3/dist-packages/pr_control_msgs/msg/_JointModeCommandActionGoal.py
Symlinking /home/emprise/wholearm_ws/controller_ws/devel/lib/python3/dist-packages/pr_control_msgs/msg/_TriggerAction.py
Symlinking /home/emprise/wholearm_ws/controller_ws/devel/lib/python3/dist-packages/pr_control_msgs/msg/_SetForceTorqueThresholdActionGoal.py
Symlinking /home/emprise/wholearm_ws/controller_ws/devel/lib/python3/dist-packages/pr_control_msgs/msg/_JointModeCommandActionResult.py
Symlinking /home/emprise/wholearm_ws/controller_ws/devel/lib/python3/dist-packages/pr_control_msgs/msg/_SetForceTorqueThresholdAction.py
Symlinking /home/emprise/wholearm_ws/controller_ws/devel/lib/python3/dist-packages/pr_control_msgs/msg/_TriggerActionGoal.py
Symlinking /home/emprise/wholearm_ws/controller_ws/devel/lib/python3/dist-packages/pr_control_msgs/msg/_SetPositionActionResult.py
Symlinking /home/emprise/wholearm_ws/controller_ws/devel/lib/python3/dist-packages/pr_control_msgs/msg/_SetForceTorqueThresholdActionResult.py
Symlinking /home/emprise/wholearm_ws/controller_ws/devel/lib/python3/dist-packages/pr_control_msgs/msg/_SetPositionAction.py
Symlinking /home/emprise/wholearm_ws/controller_ws/devel/lib/python3/dist-packages/pr_control_msgs/msg/_SetPositionActionFeedback.py
Symlinking /home/emprise/wholearm_ws/controller_ws/devel/lib/python3/dist-packages/pr_control_msgs/msg/_JointGroupCommandActionResult.py
Symlinking /home/emprise/wholearm_ws/controller_ws/devel/lib/python3/dist-packages/pr_control_msgs/msg/_JointGroupCommandAction.py
Symlinking /home/emprise/wholearm_ws/controller_ws/devel/lib/python3/dist-packages/pr_control_msgs/msg/_JointGroupCommandActionGoal.py
Symlinking /home/emprise/wholearm_ws/controller_ws/devel/lib/python3/dist-packages/pr_control_msgs/msg/_JointModeCommandFeedback.py
Symlinking /home/emprise/wholearm_ws/controller_ws/devel/lib/python3/dist-packages/pr_control_msgs/msg/_TriggerActionFeedback.py
Symlinking /home/emprise/wholearm_ws/controller_ws/devel/lib/python3/dist-packages/pr_control_msgs/msg/_JointGroupCommandFeedback.py
Symlinking /home/emprise/wholearm_ws/controller_ws/devel/lib/python3/dist-packages/pr_control_msgs/msg/_JointModeCommandAction.py
Symlinking /home/emprise/wholearm_ws/controller_ws/devel/lib/python3/dist-packages/pr_control_msgs/msg/_JointModeCommandResult.py
Symlinking /home/emprise/wholearm_ws/controller_ws/devel/lib/python3/dist-packages/pr_control_msgs/msg/_SetPositionActionGoal.py
Symlinking /home/emprise/wholearm_ws/controller_ws/devel/lib/python3/dist-packages/pr_control_msgs/msg/_SetPositionFeedback.py
Symlinking /home/emprise/wholearm_ws/controller_ws/devel/share/gennodejs/ros/pr_control_msgs/_index.js
Symlinking /home/emprise/wholearm_ws/controller_ws/devel/share/gennodejs/ros/pr_control_msgs/msg/SetPositionAction.js
Symlinking /home/emprise/wholearm_ws/controller_ws/devel/share/gennodejs/ros/pr_control_msgs/msg/JointModeCommandFeedback.js
Symlinking /home/emprise/wholearm_ws/controller_ws/devel/share/gennodejs/ros/pr_control_msgs/msg/JointModeCommandAction.js
Symlinking /home/emprise/wholearm_ws/controller_ws/devel/share/gennodejs/ros/pr_control_msgs/msg/_index.js
Symlinking /home/emprise/wholearm_ws/controller_ws/devel/share/gennodejs/ros/pr_control_msgs/msg/SetPositionActionFeedback.js
Symlinking /home/emprise/wholearm_ws/controller_ws/devel/share/gennodejs/ros/pr_control_msgs/msg/TriggerResult.js
Symlinking /home/emprise/wholearm_ws/controller_ws/devel/share/gennodejs/ros/pr_control_msgs/msg/JointGroupCommandActionResult.js
Symlinking /home/emprise/wholearm_ws/controller_ws/devel/share/gennodejs/ros/pr_control_msgs/msg/TriggerActionResult.js
Symlinking /home/emprise/wholearm_ws/controller_ws/devel/share/gennodejs/ros/pr_control_msgs/msg/TriggerGoal.js
Symlinking /home/emprise/wholearm_ws/controller_ws/devel/share/gennodejs/ros/pr_control_msgs/msg/JointGroupCommandGoal.js
Symlinking /home/emprise/wholearm_ws/controller_ws/devel/share/gennodejs/ros/pr_control_msgs/msg/TriggerFeedback.js
Symlinking /home/emprise/wholearm_ws/controller_ws/devel/share/gennodejs/ros/pr_control_msgs/msg/SetPositionFeedback.js
Symlinking /home/emprise/wholearm_ws/controller_ws/devel/share/gennodejs/ros/pr_control_msgs/msg/TriggerActionFeedback.js
Symlinking /home/emprise/wholearm_ws/controller_ws/devel/share/gennodejs/ros/pr_control_msgs/msg/JointGroupCommandResult.js
Symlinking /home/emprise/wholearm_ws/controller_ws/devel/share/gennodejs/ros/pr_control_msgs/msg/TriggerAction.js
Symlinking /home/emprise/wholearm_ws/controller_ws/devel/share/gennodejs/ros/pr_control_msgs/msg/SetPositionActionGoal.js
Symlinking /home/emprise/wholearm_ws/controller_ws/devel/share/gennodejs/ros/pr_control_msgs/msg/SetForceTorqueThresholdActionFeedback.js
Symlinking /home/emprise/wholearm_ws/controller_ws/devel/share/gennodejs/ros/pr_control_msgs/msg/SetForceTorqueThresholdAction.js
Symlinking /home/emprise/wholearm_ws/controller_ws/devel/share/gennodejs/ros/pr_control_msgs/msg/SetForceTorqueThresholdActionGoal.js
Symlinking /home/emprise/wholearm_ws/controller_ws/devel/share/gennodejs/ros/pr_control_msgs/msg/SetPositionActionResult.js
Symlinking /home/emprise/wholearm_ws/controller_ws/devel/share/gennodejs/ros/pr_control_msgs/msg/SetForceTorqueThresholdFeedback.js
Symlinking /home/emprise/wholearm_ws/controller_ws/devel/share/gennodejs/ros/pr_control_msgs/msg/SetForceTorqueThresholdActionResult.js
Symlinking /home/emprise/wholearm_ws/controller_ws/devel/share/gennodejs/ros/pr_control_msgs/msg/JointModeCommandActionFeedback.js
Symlinking /home/emprise/wholearm_ws/controller_ws/devel/share/gennodejs/ros/pr_control_msgs/msg/JointModeCommandGoal.js
Symlinking /home/emprise/wholearm_ws/controller_ws/devel/share/gennodejs/ros/pr_control_msgs/msg/JointModeCommandActionResult.js
Symlinking /home/emprise/wholearm_ws/controller_ws/devel/share/gennodejs/ros/pr_control_msgs/msg/SetPositionResult.js
Symlinking /home/emprise/wholearm_ws/controller_ws/devel/share/gennodejs/ros/pr_control_msgs/msg/TriggerActionGoal.js
Symlinking /home/emprise/wholearm_ws/controller_ws/devel/share/gennodejs/ros/pr_control_msgs/msg/JointModeCommandResult.js
Symlinking /home/emprise/wholearm_ws/controller_ws/devel/share/gennodejs/ros/pr_control_msgs/msg/SetForceTorqueThresholdResult.js
Symlinking /home/emprise/wholearm_ws/controller_ws/devel/share/gennodejs/ros/pr_control_msgs/msg/SetPositionGoal.js
Symlinking /home/emprise/wholearm_ws/controller_ws/devel/share/gennodejs/ros/pr_control_msgs/msg/JointGroupCommandAction.js
Symlinking /home/emprise/wholearm_ws/controller_ws/devel/share/gennodejs/ros/pr_control_msgs/msg/JointModeCommandActionGoal.js
Symlinking /home/emprise/wholearm_ws/controller_ws/devel/share/gennodejs/ros/pr_control_msgs/msg/SetForceTorqueThresholdGoal.js
Symlinking /home/emprise/wholearm_ws/controller_ws/devel/share/gennodejs/ros/pr_control_msgs/msg/JointGroupCommandActionGoal.js
Symlinking /home/emprise/wholearm_ws/controller_ws/devel/share/gennodejs/ros/pr_control_msgs/msg/JointGroupCommandActionFeedback.js
Symlinking /home/emprise/wholearm_ws/controller_ws/devel/share/gennodejs/ros/pr_control_msgs/msg/JointGroupCommandFeedback.js
Symlinking /home/emprise/wholearm_ws/controller_ws/devel/share/common-lisp/ros/pr_control_msgs/msg/JointModeCommandActionResult.lisp
Symlinking /home/emprise/wholearm_ws/controller_ws/devel/share/common-lisp/ros/pr_control_msgs/msg/_package_TriggerResult.lisp
Symlinking /home/emprise/wholearm_ws/controller_ws/devel/share/common-lisp/ros/pr_control_msgs/msg/SetPositionResult.lisp
Symlinking /home/emprise/wholearm_ws/controller_ws/devel/share/common-lisp/ros/pr_control_msgs/msg/TriggerGoal.lisp
Symlinking /home/emprise/wholearm_ws/controller_ws/devel/share/common-lisp/ros/pr_control_msgs/msg/_package_SetForceTorqueThresholdResult.lisp
Symlinking /home/emprise/wholearm_ws/controller_ws/devel/share/common-lisp/ros/pr_control_msgs/msg/_package_SetPositionFeedback.lisp
Symlinking /home/emprise/wholearm_ws/controller_ws/devel/share/common-lisp/ros/pr_control_msgs/msg/_package_TriggerActionGoal.lisp
Symlinking /home/emprise/wholearm_ws/controller_ws/devel/share/common-lisp/ros/pr_control_msgs/msg/_package_JointGroupCommandActionGoal.lisp
Symlinking /home/emprise/wholearm_ws/controller_ws/devel/share/common-lisp/ros/pr_control_msgs/msg/_package_SetForceTorqueThresholdAction.lisp
Symlinking /home/emprise/wholearm_ws/controller_ws/devel/share/common-lisp/ros/pr_control_msgs/msg/_package_SetPositionAction.lisp
Symlinking /home/emprise/wholearm_ws/controller_ws/devel/share/common-lisp/ros/pr_control_msgs/msg/_package_JointGroupCommandGoal.lisp
Symlinking /home/emprise/wholearm_ws/controller_ws/devel/share/common-lisp/ros/pr_control_msgs/msg/TriggerResult.lisp
Symlinking /home/emprise/wholearm_ws/controller_ws/devel/share/common-lisp/ros/pr_control_msgs/msg/JointModeCommandAction.lisp
Symlinking /home/emprise/wholearm_ws/controller_ws/devel/share/common-lisp/ros/pr_control_msgs/msg/_package_JointModeCommandAction.lisp
Symlinking /home/emprise/wholearm_ws/controller_ws/devel/share/common-lisp/ros/pr_control_msgs/msg/_package_SetPositionActionGoal.lisp
Symlinking /home/emprise/wholearm_ws/controller_ws/devel/share/common-lisp/ros/pr_control_msgs/msg/JointModeCommandActionGoal.lisp
Symlinking /home/emprise/wholearm_ws/controller_ws/devel/share/common-lisp/ros/pr_control_msgs/msg/TriggerFeedback.lisp
Symlinking /home/emprise/wholearm_ws/controller_ws/devel/share/common-lisp/ros/pr_control_msgs/msg/_package_TriggerActionResult.lisp
Symlinking /home/emprise/wholearm_ws/controller_ws/devel/share/common-lisp/ros/pr_control_msgs/msg/_package_TriggerActionFeedback.lisp
Symlinking /home/emprise/wholearm_ws/controller_ws/devel/share/common-lisp/ros/pr_control_msgs/msg/JointModeCommandActionFeedback.lisp
Symlinking /home/emprise/wholearm_ws/controller_ws/devel/share/common-lisp/ros/pr_control_msgs/msg/_package_JointGroupCommandAction.lisp
Symlinking /home/emprise/wholearm_ws/controller_ws/devel/share/common-lisp/ros/pr_control_msgs/msg/SetForceTorqueThresholdActionFeedback.lisp
Symlinking /home/emprise/wholearm_ws/controller_ws/devel/share/common-lisp/ros/pr_control_msgs/msg/_package_SetPositionActionResult.lisp
Symlinking /home/emprise/wholearm_ws/controller_ws/devel/share/common-lisp/ros/pr_control_msgs/msg/_package_SetPositionGoal.lisp
Symlinking /home/emprise/wholearm_ws/controller_ws/devel/share/common-lisp/ros/pr_control_msgs/msg/_package_JointModeCommandActionGoal.lisp
Symlinking /home/emprise/wholearm_ws/controller_ws/devel/share/common-lisp/ros/pr_control_msgs/msg/SetPositionGoal.lisp
Symlinking /home/emprise/wholearm_ws/controller_ws/devel/share/common-lisp/ros/pr_control_msgs/msg/JointModeCommandFeedback.lisp
Symlinking /home/emprise/wholearm_ws/controller_ws/devel/share/common-lisp/ros/pr_control_msgs/msg/_package_SetPositionResult.lisp
Symlinking /home/emprise/wholearm_ws/controller_ws/devel/share/common-lisp/ros/pr_control_msgs/msg/TriggerAction.lisp
Symlinking /home/emprise/wholearm_ws/controller_ws/devel/share/common-lisp/ros/pr_control_msgs/msg/JointGroupCommandFeedback.lisp
Symlinking /home/emprise/wholearm_ws/controller_ws/devel/share/common-lisp/ros/pr_control_msgs/msg/TriggerActionGoal.lisp
Symlinking /home/emprise/wholearm_ws/controller_ws/devel/share/common-lisp/ros/pr_control_msgs/msg/SetForceTorqueThresholdGoal.lisp
Symlinking /home/emprise/wholearm_ws/controller_ws/devel/share/common-lisp/ros/pr_control_msgs/msg/_package_TriggerFeedback.lisp
Symlinking /home/emprise/wholearm_ws/controller_ws/devel/share/common-lisp/ros/pr_control_msgs/msg/JointGroupCommandAction.lisp
Symlinking /home/emprise/wholearm_ws/controller_ws/devel/share/common-lisp/ros/pr_control_msgs/msg/SetPositionFeedback.lisp
Symlinking /home/emprise/wholearm_ws/controller_ws/devel/share/common-lisp/ros/pr_control_msgs/msg/SetPositionActionGoal.lisp
Symlinking /home/emprise/wholearm_ws/controller_ws/devel/share/common-lisp/ros/pr_control_msgs/msg/_package_TriggerGoal.lisp
Symlinking /home/emprise/wholearm_ws/controller_ws/devel/share/common-lisp/ros/pr_control_msgs/msg/_package_SetForceTorqueThresholdGoal.lisp
Symlinking /home/emprise/wholearm_ws/controller_ws/devel/share/common-lisp/ros/pr_control_msgs/msg/_package_JointModeCommandFeedback.lisp
Symlinking /home/emprise/wholearm_ws/controller_ws/devel/share/common-lisp/ros/pr_control_msgs/msg/_package_JointGroupCommandResult.lisp
Symlinking /home/emprise/wholearm_ws/controller_ws/devel/share/common-lisp/ros/pr_control_msgs/msg/JointModeCommandResult.lisp
Symlinking /home/emprise/wholearm_ws/controller_ws/devel/share/common-lisp/ros/pr_control_msgs/msg/SetForceTorqueThresholdActionGoal.lisp
Symlinking /home/emprise/wholearm_ws/controller_ws/devel/share/common-lisp/ros/pr_control_msgs/msg/_package.lisp
Symlinking /home/emprise/wholearm_ws/controller_ws/devel/share/common-lisp/ros/pr_control_msgs/msg/_package_SetForceTorqueThresholdActionGoal.lisp
Symlinking /home/emprise/wholearm_ws/controller_ws/devel/share/common-lisp/ros/pr_control_msgs/msg/JointGroupCommandGoal.lisp
Symlinking /home/emprise/wholearm_ws/controller_ws/devel/share/common-lisp/ros/pr_control_msgs/msg/SetPositionActionResult.lisp
Symlinking /home/emprise/wholearm_ws/controller_ws/devel/share/common-lisp/ros/pr_control_msgs/msg/SetForceTorqueThresholdResult.lisp
Symlinking /home/emprise/wholearm_ws/controller_ws/devel/share/common-lisp/ros/pr_control_msgs/msg/SetForceTorqueThresholdAction.lisp
Symlinking /home/emprise/wholearm_ws/controller_ws/devel/share/common-lisp/ros/pr_control_msgs/msg/_package_JointModeCommandActionResult.lisp
Symlinking /home/emprise/wholearm_ws/controller_ws/devel/share/common-lisp/ros/pr_control_msgs/msg/_package_JointModeCommandActionFeedback.lisp
Symlinking /home/emprise/wholearm_ws/controller_ws/devel/share/common-lisp/ros/pr_control_msgs/msg/SetForceTorqueThresholdActionResult.lisp
Symlinking /home/emprise/wholearm_ws/controller_ws/devel/share/common-lisp/ros/pr_control_msgs/msg/_package_SetForceTorqueThresholdActionResult.lisp
Symlinking /home/emprise/wholearm_ws/controller_ws/devel/share/common-lisp/ros/pr_control_msgs/msg/_package_SetPositionActionFeedback.lisp
Symlinking /home/emprise/wholearm_ws/controller_ws/devel/share/common-lisp/ros/pr_control_msgs/msg/_package_JointModeCommandGoal.lisp
Symlinking /home/emprise/wholearm_ws/controller_ws/devel/share/common-lisp/ros/pr_control_msgs/msg/_package_JointGroupCommandFeedback.lisp
Symlinking /home/emprise/wholearm_ws/controller_ws/devel/share/common-lisp/ros/pr_control_msgs/msg/JointGroupCommandActionGoal.lisp
Symlinking /home/emprise/wholearm_ws/controller_ws/devel/share/common-lisp/ros/pr_control_msgs/msg/pr_control_msgs-msg.asd
Symlinking /home/emprise/wholearm_ws/controller_ws/devel/share/common-lisp/ros/pr_control_msgs/msg/SetForceTorqueThresholdFeedback.lisp
Symlinking /home/emprise/wholearm_ws/controller_ws/devel/share/common-lisp/ros/pr_control_msgs/msg/TriggerActionFeedback.lisp
Symlinking /home/emprise/wholearm_ws/controller_ws/devel/share/common-lisp/ros/pr_control_msgs/msg/_package_TriggerAction.lisp
Symlinking /home/emprise/wholearm_ws/controller_ws/devel/share/common-lisp/ros/pr_control_msgs/msg/TriggerActionResult.lisp
Symlinking /home/emprise/wholearm_ws/controller_ws/devel/share/common-lisp/ros/pr_control_msgs/msg/_package_JointModeCommandResult.lisp
Symlinking /home/emprise/wholearm_ws/controller_ws/devel/share/common-lisp/ros/pr_control_msgs/msg/_package_JointGroupCommandActionFeedback.lisp
Symlinking /home/emprise/wholearm_ws/controller_ws/devel/share/common-lisp/ros/pr_control_msgs/msg/JointGroupCommandActionFeedback.lisp
Symlinking /home/emprise/wholearm_ws/controller_ws/devel/share/common-lisp/ros/pr_control_msgs/msg/JointGroupCommandActionResult.lisp
Symlinking /home/emprise/wholearm_ws/controller_ws/devel/share/common-lisp/ros/pr_control_msgs/msg/JointModeCommandGoal.lisp
Symlinking /home/emprise/wholearm_ws/controller_ws/devel/share/common-lisp/ros/pr_control_msgs/msg/_package_SetForceTorqueThresholdActionFeedback.lisp
Symlinking /home/emprise/wholearm_ws/controller_ws/devel/share/common-lisp/ros/pr_control_msgs/msg/SetPositionAction.lisp
Symlinking /home/emprise/wholearm_ws/controller_ws/devel/share/common-lisp/ros/pr_control_msgs/msg/JointGroupCommandResult.lisp
Symlinking /home/emprise/wholearm_ws/controller_ws/devel/share/common-lisp/ros/pr_control_msgs/msg/SetPositionActionFeedback.lisp
Symlinking /home/emprise/wholearm_ws/controller_ws/devel/share/common-lisp/ros/pr_control_msgs/msg/_package_SetForceTorqueThresholdFeedback.lisp
Symlinking /home/emprise/wholearm_ws/controller_ws/devel/share/common-lisp/ros/pr_control_msgs/msg/_package_JointGroupCommandActionResult.lisp
Symlinking /home/emprise/wholearm_ws/controller_ws/devel/share/pr_control_msgs/cmake/pr_control_msgsConfig-version.cmake
Symlinking /home/emprise/wholearm_ws/controller_ws/devel/share/pr_control_msgs/cmake/pr_control_msgsConfig.cmake
Symlinking /home/emprise/wholearm_ws/controller_ws/devel/share/pr_control_msgs/cmake/pr_control_msgs-msg-paths.cmake
Symlinking /home/emprise/wholearm_ws/controller_ws/devel/share/pr_control_msgs/cmake/pr_control_msgs-msg-extras.cmake
Symlinking /home/emprise/wholearm_ws/controller_ws/devel/share/pr_control_msgs/msg/JointModeCommandActionGoal.msg
Symlinking /home/emprise/wholearm_ws/controller_ws/devel/share/pr_control_msgs/msg/TriggerGoal.msg
Symlinking /home/emprise/wholearm_ws/controller_ws/devel/share/pr_control_msgs/msg/SetForceTorqueThresholdResult.msg
Symlinking /home/emprise/wholearm_ws/controller_ws/devel/share/pr_control_msgs/msg/JointModeCommandGoal.msg
Symlinking /home/emprise/wholearm_ws/controller_ws/devel/share/pr_control_msgs/msg/SetPositionResult.msg
Symlinking /home/emprise/wholearm_ws/controller_ws/devel/share/pr_control_msgs/msg/JointGroupCommandResult.msg
Symlinking /home/emprise/wholearm_ws/controller_ws/devel/share/pr_control_msgs/msg/JointGroupCommandActionResult.msg
Symlinking /home/emprise/wholearm_ws/controller_ws/devel/share/pr_control_msgs/msg/JointGroupCommandGoal.msg
Symlinking /home/emprise/wholearm_ws/controller_ws/devel/share/pr_control_msgs/msg/JointModeCommandActionFeedback.msg
Symlinking /home/emprise/wholearm_ws/controller_ws/devel/share/pr_control_msgs/msg/SetPositionActionResult.msg
Symlinking /home/emprise/wholearm_ws/controller_ws/devel/share/pr_control_msgs/msg/SetForceTorqueThresholdAction.msg
Symlinking /home/emprise/wholearm_ws/controller_ws/devel/share/pr_control_msgs/msg/SetPositionGoal.msg
Symlinking /home/emprise/wholearm_ws/controller_ws/devel/share/pr_control_msgs/msg/SetForceTorqueThresholdFeedback.msg
Symlinking /home/emprise/wholearm_ws/controller_ws/devel/share/pr_control_msgs/msg/SetForceTorqueThresholdActionGoal.msg
Symlinking /home/emprise/wholearm_ws/controller_ws/devel/share/pr_control_msgs/msg/JointGroupCommandActionFeedback.msg
Symlinking /home/emprise/wholearm_ws/controller_ws/devel/share/pr_control_msgs/msg/TriggerResult.msg
Symlinking /home/emprise/wholearm_ws/controller_ws/devel/share/pr_control_msgs/msg/TriggerActionResult.msg
Symlinking /home/emprise/wholearm_ws/controller_ws/devel/share/pr_control_msgs/msg/SetPositionActionFeedback.msg
Symlinking /home/emprise/wholearm_ws/controller_ws/devel/share/pr_control_msgs/msg/SetForceTorqueThresholdActionFeedback.msg
Symlinking /home/emprise/wholearm_ws/controller_ws/devel/share/pr_control_msgs/msg/JointGroupCommandActionGoal.msg
Symlinking /home/emprise/wholearm_ws/controller_ws/devel/share/pr_control_msgs/msg/TriggerActionGoal.msg
Symlinking /home/emprise/wholearm_ws/controller_ws/devel/share/pr_control_msgs/msg/JointModeCommandResult.msg
Symlinking /home/emprise/wholearm_ws/controller_ws/devel/share/pr_control_msgs/msg/TriggerActionFeedback.msg
Symlinking /home/emprise/wholearm_ws/controller_ws/devel/share/pr_control_msgs/msg/JointModeCommandFeedback.msg
Symlinking /home/emprise/wholearm_ws/controller_ws/devel/share/pr_control_msgs/msg/TriggerFeedback.msg
Symlinking /home/emprise/wholearm_ws/controller_ws/devel/share/pr_control_msgs/msg/SetForceTorqueThresholdActionResult.msg
Symlinking /home/emprise/wholearm_ws/controller_ws/devel/share/pr_control_msgs/msg/SetPositionAction.msg
Symlinking /home/emprise/wholearm_ws/controller_ws/devel/share/pr_control_msgs/msg/TriggerAction.msg
Symlinking /home/emprise/wholearm_ws/controller_ws/devel/share/pr_control_msgs/msg/JointGroupCommandAction.msg
Symlinking /home/emprise/wholearm_ws/controller_ws/devel/share/pr_control_msgs/msg/SetPositionFeedback.msg
Symlinking /home/emprise/wholearm_ws/controller_ws/devel/share/pr_control_msgs/msg/SetForceTorqueThresholdGoal.msg
Symlinking /home/emprise/wholearm_ws/controller_ws/devel/share/pr_control_msgs/msg/SetPositionActionGoal.msg
Symlinking /home/emprise/wholearm_ws/controller_ws/devel/share/pr_control_msgs/msg/JointGroupCommandFeedback.msg
Symlinking /home/emprise/wholearm_ws/controller_ws/devel/share/pr_control_msgs/msg/JointModeCommandAction.msg
Symlinking /home/emprise/wholearm_ws/controller_ws/devel/share/pr_control_msgs/msg/JointModeCommandActionResult.msg
Symlinking /home/emprise/wholearm_ws/controller_ws/devel/share/roseus/ros/pr_control_msgs/manifest.l
Symlinking /home/emprise/wholearm_ws/controller_ws/devel/share/roseus/ros/pr_control_msgs/msg/TriggerActionGoal.l
Symlinking /home/emprise/wholearm_ws/controller_ws/devel/share/roseus/ros/pr_control_msgs/msg/SetForceTorqueThresholdActionFeedback.l
Symlinking /home/emprise/wholearm_ws/controller_ws/devel/share/roseus/ros/pr_control_msgs/msg/JointGroupCommandResult.l
Symlinking /home/emprise/wholearm_ws/controller_ws/devel/share/roseus/ros/pr_control_msgs/msg/SetPositionGoal.l
Symlinking /home/emprise/wholearm_ws/controller_ws/devel/share/roseus/ros/pr_control_msgs/msg/JointGroupCommandFeedback.l
Symlinking /home/emprise/wholearm_ws/controller_ws/devel/share/roseus/ros/pr_control_msgs/msg/SetForceTorqueThresholdActionResult.l
Symlinking /home/emprise/wholearm_ws/controller_ws/devel/share/roseus/ros/pr_control_msgs/msg/SetPositionActionGoal.l
Symlinking /home/emprise/wholearm_ws/controller_ws/devel/share/roseus/ros/pr_control_msgs/msg/TriggerAction.l
Symlinking /home/emprise/wholearm_ws/controller_ws/devel/share/roseus/ros/pr_control_msgs/msg/SetForceTorqueThresholdFeedback.l
Symlinking /home/emprise/wholearm_ws/controller_ws/devel/share/roseus/ros/pr_control_msgs/msg/SetPositionAction.l
Symlinking /home/emprise/wholearm_ws/controller_ws/devel/share/roseus/ros/pr_control_msgs/msg/SetPositionResult.l
Symlinking /home/emprise/wholearm_ws/controller_ws/devel/share/roseus/ros/pr_control_msgs/msg/SetForceTorqueThresholdAction.l
Symlinking /home/emprise/wholearm_ws/controller_ws/devel/share/roseus/ros/pr_control_msgs/msg/SetForceTorqueThresholdGoal.l
Symlinking /home/emprise/wholearm_ws/controller_ws/devel/share/roseus/ros/pr_control_msgs/msg/SetPositionFeedback.l
Symlinking /home/emprise/wholearm_ws/controller_ws/devel/share/roseus/ros/pr_control_msgs/msg/JointModeCommandGoal.l
Symlinking /home/emprise/wholearm_ws/controller_ws/devel/share/roseus/ros/pr_control_msgs/msg/JointGroupCommandGoal.l
Symlinking /home/emprise/wholearm_ws/controller_ws/devel/share/roseus/ros/pr_control_msgs/msg/JointModeCommandAction.l
Symlinking /home/emprise/wholearm_ws/controller_ws/devel/share/roseus/ros/pr_control_msgs/msg/JointModeCommandActionFeedback.l
Symlinking /home/emprise/wholearm_ws/controller_ws/devel/share/roseus/ros/pr_control_msgs/msg/TriggerFeedback.l
Symlinking /home/emprise/wholearm_ws/controller_ws/devel/share/roseus/ros/pr_control_msgs/msg/TriggerActionFeedback.l
Symlinking /home/emprise/wholearm_ws/controller_ws/devel/share/roseus/ros/pr_control_msgs/msg/TriggerResult.l
Symlinking /home/emprise/wholearm_ws/controller_ws/devel/share/roseus/ros/pr_control_msgs/msg/SetPositionActionResult.l
Symlinking /home/emprise/wholearm_ws/controller_ws/devel/share/roseus/ros/pr_control_msgs/msg/JointModeCommandActionGoal.l
Symlinking /home/emprise/wholearm_ws/controller_ws/devel/share/roseus/ros/pr_control_msgs/msg/JointModeCommandResult.l
Symlinking /home/emprise/wholearm_ws/controller_ws/devel/share/roseus/ros/pr_control_msgs/msg/JointModeCommandActionResult.l
Symlinking /home/emprise/wholearm_ws/controller_ws/devel/share/roseus/ros/pr_control_msgs/msg/SetForceTorqueThresholdResult.l
Symlinking /home/emprise/wholearm_ws/controller_ws/devel/share/roseus/ros/pr_control_msgs/msg/SetForceTorqueThresholdActionGoal.l
Symlinking /home/emprise/wholearm_ws/controller_ws/devel/share/roseus/ros/pr_control_msgs/msg/JointModeCommandFeedback.l
Symlinking /home/emprise/wholearm_ws/controller_ws/devel/share/roseus/ros/pr_control_msgs/msg/TriggerGoal.l
Symlinking /home/emprise/wholearm_ws/controller_ws/devel/share/roseus/ros/pr_control_msgs/msg/JointGroupCommandAction.l
Symlinking /home/emprise/wholearm_ws/controller_ws/devel/share/roseus/ros/pr_control_msgs/msg/JointGroupCommandActionGoal.l
Symlinking /home/emprise/wholearm_ws/controller_ws/devel/share/roseus/ros/pr_control_msgs/msg/TriggerActionResult.l
Symlinking /home/emprise/wholearm_ws/controller_ws/devel/share/roseus/ros/pr_control_msgs/msg/SetPositionActionFeedback.l
Symlinking /home/emprise/wholearm_ws/controller_ws/devel/share/roseus/ros/pr_control_msgs/msg/JointGroupCommandActionFeedback.l
Symlinking /home/emprise/wholearm_ws/controller_ws/devel/share/roseus/ros/pr_control_msgs/msg/JointGroupCommandActionResult.l
