[35m[1mScanning dependencies of target _pr_control_msgs_generate_messages_check_deps_JointGroupCommandResult[0m
[35m[1mScanning dependencies of target _pr_control_msgs_generate_messages_check_deps_JointModeCommandFeedback[0m
[  0%] Built target _pr_control_msgs_generate_messages_check_deps_JointGroupCommandResult
[  0%] Built target _pr_control_msgs_generate_messages_check_deps_JointModeCommandFeedback
[35m[1mScanning dependencies of target _pr_control_msgs_generate_messages_check_deps_JointModeCommandAction[0m
[35m[1mScanning dependencies of target _pr_control_msgs_generate_messages_check_deps_JointModeCommandResult[0m
[  0%] Built target _pr_control_msgs_generate_messages_check_deps_JointModeCommandAction
[35m[1mScanning dependencies of target _pr_control_msgs_generate_messages_check_deps_JointGroupCommandFeedback[0m
[  0%] Built target _pr_control_msgs_generate_messages_check_deps_JointModeCommandResult
[  0%] Built target _pr_control_msgs_generate_messages_check_deps_JointGroupCommandFeedback
[35m[1mScanning dependencies of target _pr_control_msgs_generate_messages_check_deps_SetForceTorqueThresholdActionGoal[0m
[35m[1mScanning dependencies of target sensor_msgs_generate_messages_cpp[0m
[  0%] Built target sensor_msgs_generate_messages_cpp
[35m[1mScanning dependencies of target _pr_control_msgs_generate_messages_check_deps_SetForceTorqueThresholdActionResult[0m
[  0%] Built target _pr_control_msgs_generate_messages_check_deps_SetForceTorqueThresholdActionGoal
[  0%] Built target _pr_control_msgs_generate_messages_check_deps_SetForceTorqueThresholdActionResult
[35m[1mScanning dependencies of target _pr_control_msgs_generate_messages_check_deps_TriggerFeedback[0m
[  0%] Built target _pr_control_msgs_generate_messages_check_deps_TriggerFeedback
[35m[1mScanning dependencies of target _pr_control_msgs_generate_messages_check_deps_TriggerAction[0m
[  0%] Built target _pr_control_msgs_generate_messages_check_deps_TriggerAction
[35m[1mScanning dependencies of target trajectory_msgs_generate_messages_cpp[0m
[  0%] Built target trajectory_msgs_generate_messages_cpp
[35m[1mScanning dependencies of target _pr_control_msgs_generate_messages_check_deps_SetForceTorqueThresholdAction[0m
[  0%] Built target _pr_control_msgs_generate_messages_check_deps_SetForceTorqueThresholdAction
[35m[1mScanning dependencies of target _pr_control_msgs_generate_messages_check_deps_SetPositionFeedback[0m
[  0%] Built target _pr_control_msgs_generate_messages_check_deps_SetPositionFeedback
[35m[1mScanning dependencies of target _pr_control_msgs_generate_messages_check_deps_SetForceTorqueThresholdResult[0m
[  0%] Built target _pr_control_msgs_generate_messages_check_deps_SetForceTorqueThresholdResult
[35m[1mScanning dependencies of target _pr_control_msgs_generate_messages_check_deps_TriggerActionFeedback[0m
[35m[1mScanning dependencies of target _pr_control_msgs_generate_messages_check_deps_JointModeCommandActionResult[0m
[35m[1mScanning dependencies of target _pr_control_msgs_generate_messages_check_deps_SetForceTorqueThresholdFeedback[0m
[  0%] Built target _pr_control_msgs_generate_messages_check_deps_TriggerActionFeedback
[35m[1mScanning dependencies of target _pr_control_msgs_generate_messages_check_deps_JointGroupCommandActionResult[0m
[  0%] Built target _pr_control_msgs_generate_messages_check_deps_JointModeCommandActionResult
[  0%] Built target _pr_control_msgs_generate_messages_check_deps_SetForceTorqueThresholdFeedback
[35m[1mScanning dependencies of target std_msgs_generate_messages_cpp[0m
[  0%] Built target _pr_control_msgs_generate_messages_check_deps_JointGroupCommandActionResult
[35m[1mScanning dependencies of target _pr_control_msgs_generate_messages_check_deps_SetPositionActionFeedback[0m
[  0%] Built target std_msgs_generate_messages_cpp
[35m[1mScanning dependencies of target _pr_control_msgs_generate_messages_check_deps_SetForceTorqueThresholdActionFeedback[0m
[  0%] Built target _pr_control_msgs_generate_messages_check_deps_SetForceTorqueThresholdActionFeedback
[  0%] Built target _pr_control_msgs_generate_messages_check_deps_SetPositionActionFeedback
[35m[1mScanning dependencies of target _pr_control_msgs_generate_messages_check_deps_JointModeCommandActionGoal[0m
[  0%] Built target _pr_control_msgs_generate_messages_check_deps_JointModeCommandActionGoal
[35m[1mScanning dependencies of target _pr_control_msgs_generate_messages_check_deps_SetForceTorqueThresholdGoal[0m
[35m[1mScanning dependencies of target _pr_control_msgs_generate_messages_check_deps_SetPositionAction[0m
[  0%] Built target _pr_control_msgs_generate_messages_check_deps_SetForceTorqueThresholdGoal
[35m[1mScanning dependencies of target _pr_control_msgs_generate_messages_check_deps_SetPositionActionGoal[0m
[  0%] Built target _pr_control_msgs_generate_messages_check_deps_SetPositionAction
[  0%] Built target _pr_control_msgs_generate_messages_check_deps_SetPositionActionGoal
[35m[1mScanning dependencies of target _pr_control_msgs_generate_messages_check_deps_TriggerActionResult[0m
[  0%] Built target _pr_control_msgs_generate_messages_check_deps_TriggerActionResult
[35m[1mScanning dependencies of target _pr_control_msgs_generate_messages_check_deps_SetPositionActionResult[0m
[35m[1mScanning dependencies of target _pr_control_msgs_generate_messages_check_deps_SetPositionGoal[0m
[  0%] Built target _pr_control_msgs_generate_messages_check_deps_SetPositionGoal
[  0%] Built target _pr_control_msgs_generate_messages_check_deps_SetPositionActionResult
[35m[1mScanning dependencies of target actionlib_msgs_generate_messages_cpp[0m
[35m[1mScanning dependencies of target _pr_control_msgs_generate_messages_check_deps_JointGroupCommandActionGoal[0m
[35m[1mScanning dependencies of target _pr_control_msgs_generate_messages_check_deps_SetPositionResult[0m
[  0%] Built target actionlib_msgs_generate_messages_cpp
[35m[1mScanning dependencies of target _pr_control_msgs_generate_messages_check_deps_TriggerActionGoal[0m
[  0%] Built target _pr_control_msgs_generate_messages_check_deps_SetPositionResult
[35m[1mScanning dependencies of target _pr_control_msgs_generate_messages_check_deps_TriggerGoal[0m
[  0%] Built target _pr_control_msgs_generate_messages_check_deps_JointGroupCommandActionGoal
[35m[1mScanning dependencies of target _pr_control_msgs_generate_messages_check_deps_JointModeCommandGoal[0m
[35m[1mScanning dependencies of target _pr_control_msgs_generate_messages_check_deps_JointGroupCommandAction[0m
[  0%] Built target _pr_control_msgs_generate_messages_check_deps_TriggerGoal
[  0%] Built target _pr_control_msgs_generate_messages_check_deps_TriggerActionGoal
[  0%] Built target _pr_control_msgs_generate_messages_check_deps_JointModeCommandGoal
[35m[1mScanning dependencies of target _pr_control_msgs_generate_messages_check_deps_JointGroupCommandActionFeedback[0m
[35m[1mScanning dependencies of target _pr_control_msgs_generate_messages_check_deps_JointModeCommandActionFeedback[0m
[35m[1mScanning dependencies of target _pr_control_msgs_generate_messages_check_deps_TriggerResult[0m
[  0%] Built target _pr_control_msgs_generate_messages_check_deps_JointGroupCommandAction
[35m[1mScanning dependencies of target sensor_msgs_generate_messages_py[0m
[35m[1mScanning dependencies of target _pr_control_msgs_generate_messages_check_deps_JointGroupCommandGoal[0m
[  0%] Built target sensor_msgs_generate_messages_py
[  0%] Built target _pr_control_msgs_generate_messages_check_deps_JointModeCommandActionFeedback
[  0%] Built target _pr_control_msgs_generate_messages_check_deps_JointGroupCommandActionFeedback
[35m[1mScanning dependencies of target std_msgs_generate_messages_py[0m
[  0%] Built target _pr_control_msgs_generate_messages_check_deps_TriggerResult
[35m[1mScanning dependencies of target trajectory_msgs_generate_messages_py[0m
[35m[1mScanning dependencies of target actionlib_msgs_generate_messages_py[0m
[35m[1mScanning dependencies of target sensor_msgs_generate_messages_nodejs[0m
[  0%] Built target std_msgs_generate_messages_py
[35m[1mScanning dependencies of target actionlib_msgs_generate_messages_nodejs[0m
[35m[1mScanning dependencies of target sensor_msgs_generate_messages_lisp[0m
[35m[1mScanning dependencies of target trajectory_msgs_generate_messages_nodejs[0m
[35m[1mScanning dependencies of target std_msgs_generate_messages_nodejs[0m
[  0%] Built target trajectory_msgs_generate_messages_py
[  0%] Built target trajectory_msgs_generate_messages_nodejs
[  0%] Built target std_msgs_generate_messages_nodejs
[  0%] Built target actionlib_msgs_generate_messages_nodejs
[  0%] Built target sensor_msgs_generate_messages_nodejs
[35m[1mScanning dependencies of target trajectory_msgs_generate_messages_lisp[0m
[  0%] Built target sensor_msgs_generate_messages_lisp
[  0%] Built target trajectory_msgs_generate_messages_lisp
[35m[1mScanning dependencies of target std_msgs_generate_messages_lisp[0m
[35m[1mScanning dependencies of target sensor_msgs_generate_messages_eus[0m
[35m[1mScanning dependencies of target actionlib_msgs_generate_messages_lisp[0m
[35m[1mScanning dependencies of target trajectory_msgs_generate_messages_eus[0m
[  0%] Built target actionlib_msgs_generate_messages_py
[35m[1mScanning dependencies of target actionlib_msgs_generate_messages_eus[0m
[  0%] Built target _pr_control_msgs_generate_messages_check_deps_JointGroupCommandGoal
[  0%] Built target sensor_msgs_generate_messages_eus
[  0%] Built target std_msgs_generate_messages_lisp
[35m[1mScanning dependencies of target std_msgs_generate_messages_eus[0m
[  0%] Built target trajectory_msgs_generate_messages_eus
[  0%] Built target actionlib_msgs_generate_messages_lisp
[  0%] Built target actionlib_msgs_generate_messages_eus
[35m[1mScanning dependencies of target pr_control_msgs_generate_messages_cpp[0m
[  0%] Built target std_msgs_generate_messages_eus
[35m[1mScanning dependencies of target pr_control_msgs_generate_messages_nodejs[0m
[35m[1mScanning dependencies of target pr_control_msgs_generate_messages_py[0m
[  0%] [34m[1mGenerating C++ code from pr_control_msgs/SetForceTorqueThresholdAction.msg[0m
[  1%] [34m[1mGenerating C++ code from pr_control_msgs/SetForceTorqueThresholdActionResult.msg[0m
[  1%] [34m[1mGenerating C++ code from pr_control_msgs/SetForceTorqueThresholdActionGoal.msg[0m
[  2%] [34m[1mGenerating C++ code from pr_control_msgs/SetForceTorqueThresholdActionFeedback.msg[0m
[35m[1mScanning dependencies of target pr_control_msgs_generate_messages_lisp[0m
[35m[1mScanning dependencies of target pr_control_msgs_generate_messages_eus[0m
[  4%] [34m[1mGenerating Javascript code from pr_control_msgs/SetForceTorqueThresholdAction.msg[0m
[  4%] [34m[1mGenerating C++ code from pr_control_msgs/SetForceTorqueThresholdGoal.msg[0m
[  6%] [34m[1mGenerating Python from MSG pr_control_msgs/SetForceTorqueThresholdAction[0m
[  6%] [34m[1mGenerating Lisp code from pr_control_msgs/SetForceTorqueThresholdAction.msg[0m
[  6%] [34m[1mGenerating EusLisp code from pr_control_msgs/SetForceTorqueThresholdAction.msg[0m
[  7%] [34m[1mGenerating EusLisp code from pr_control_msgs/SetForceTorqueThresholdActionGoal.msg[0m
[  7%] [34m[1mGenerating EusLisp code from pr_control_msgs/SetForceTorqueThresholdActionResult.msg[0m
[  7%] [34m[1mGenerating Python from MSG pr_control_msgs/SetForceTorqueThresholdActionGoal[0m
[  7%] [34m[1mGenerating Lisp code from pr_control_msgs/SetForceTorqueThresholdActionGoal.msg[0m
[  7%] [34m[1mGenerating Javascript code from pr_control_msgs/SetForceTorqueThresholdActionGoal.msg[0m
[  8%] [34m[1mGenerating EusLisp code from pr_control_msgs/SetForceTorqueThresholdActionFeedback.msg[0m
[  8%] [34m[1mGenerating Javascript code from pr_control_msgs/SetForceTorqueThresholdActionFeedback.msg[0m
[  9%] [34m[1mGenerating Javascript code from pr_control_msgs/SetForceTorqueThresholdActionResult.msg[0m
[  9%] [34m[1mGenerating C++ code from pr_control_msgs/SetForceTorqueThresholdResult.msg[0m
[ 10%] [34m[1mGenerating Lisp code from pr_control_msgs/SetForceTorqueThresholdActionResult.msg[0m
[ 11%] [34m[1mGenerating C++ code from pr_control_msgs/SetForceTorqueThresholdFeedback.msg[0m
[ 11%] [34m[1mGenerating C++ code from pr_control_msgs/SetPositionAction.msg[0m
[ 11%] [34m[1mGenerating Lisp code from pr_control_msgs/SetForceTorqueThresholdActionFeedback.msg[0m
[ 11%] [34m[1mGenerating EusLisp code from pr_control_msgs/SetForceTorqueThresholdGoal.msg[0m
[ 12%] [34m[1mGenerating EusLisp code from pr_control_msgs/SetForceTorqueThresholdResult.msg[0m
[ 13%] [34m[1mGenerating Python from MSG pr_control_msgs/SetForceTorqueThresholdActionResult[0m
[ 14%] [34m[1mGenerating Lisp code from pr_control_msgs/SetForceTorqueThresholdGoal.msg[0m
[ 15%] [34m[1mGenerating EusLisp code from pr_control_msgs/SetForceTorqueThresholdFeedback.msg[0m
[ 16%] [34m[1mGenerating Javascript code from pr_control_msgs/SetForceTorqueThresholdGoal.msg[0m
[ 17%] [34m[1mGenerating C++ code from pr_control_msgs/SetPositionActionGoal.msg[0m
[ 18%] [34m[1mGenerating Lisp code from pr_control_msgs/SetForceTorqueThresholdResult.msg[0m
[ 18%] [34m[1mGenerating Lisp code from pr_control_msgs/SetForceTorqueThresholdFeedback.msg[0m
[ 18%] [34m[1mGenerating C++ code from pr_control_msgs/SetPositionActionResult.msg[0m
[ 20%] [34m[1mGenerating Lisp code from pr_control_msgs/SetPositionAction.msg[0m
[ 20%] [34m[1mGenerating C++ code from pr_control_msgs/SetPositionActionFeedback.msg[0m
[ 20%] [34m[1mGenerating Python from MSG pr_control_msgs/SetForceTorqueThresholdActionFeedback[0m
[ 20%] [34m[1mGenerating Javascript code from pr_control_msgs/SetForceTorqueThresholdResult.msg[0m
[ 20%] [34m[1mGenerating EusLisp code from pr_control_msgs/SetPositionAction.msg[0m
[ 21%] [34m[1mGenerating Javascript code from pr_control_msgs/SetForceTorqueThresholdFeedback.msg[0m
[ 21%] [34m[1mGenerating C++ code from pr_control_msgs/SetPositionGoal.msg[0m
[ 22%] [34m[1mGenerating EusLisp code from pr_control_msgs/SetPositionActionGoal.msg[0m
[ 22%] [34m[1mGenerating Lisp code from pr_control_msgs/SetPositionActionGoal.msg[0m
[ 22%] [34m[1mGenerating EusLisp code from pr_control_msgs/SetPositionActionResult.msg[0m
[ 23%] [34m[1mGenerating C++ code from pr_control_msgs/SetPositionResult.msg[0m
[ 23%] [34m[1mGenerating Javascript code from pr_control_msgs/SetPositionAction.msg[0m
[ 25%] [34m[1mGenerating Lisp code from pr_control_msgs/SetPositionActionResult.msg[0m
[ 25%] [34m[1mGenerating C++ code from pr_control_msgs/SetPositionFeedback.msg[0m
[ 26%] [34m[1mGenerating C++ code from pr_control_msgs/TriggerAction.msg[0m
[ 26%] [34m[1mGenerating Lisp code from pr_control_msgs/SetPositionActionFeedback.msg[0m
[ 27%] [34m[1mGenerating Javascript code from pr_control_msgs/SetPositionActionGoal.msg[0m
[ 28%] [34m[1mGenerating Python from MSG pr_control_msgs/SetForceTorqueThresholdGoal[0m
[ 29%] [34m[1mGenerating EusLisp code from pr_control_msgs/SetPositionActionFeedback.msg[0m
[ 30%] [34m[1mGenerating Javascript code from pr_control_msgs/SetPositionActionResult.msg[0m
[ 30%] [34m[1mGenerating EusLisp code from pr_control_msgs/SetPositionGoal.msg[0m
[ 30%] [34m[1mGenerating Python from MSG pr_control_msgs/SetForceTorqueThresholdResult[0m
[ 31%] [34m[1mGenerating Lisp code from pr_control_msgs/SetPositionGoal.msg[0m
[ 32%] [34m[1mGenerating Lisp code from pr_control_msgs/SetPositionResult.msg[0m
[ 32%] [34m[1mGenerating EusLisp code from pr_control_msgs/SetPositionResult.msg[0m
[ 34%] [34m[1mGenerating Lisp code from pr_control_msgs/SetPositionFeedback.msg[0m
[ 34%] [34m[1mGenerating Python from MSG pr_control_msgs/SetForceTorqueThresholdFeedback[0m
[ 34%] [34m[1mGenerating C++ code from pr_control_msgs/TriggerActionGoal.msg[0m
[ 35%] [34m[1mGenerating C++ code from pr_control_msgs/TriggerActionResult.msg[0m
[ 35%] [34m[1mGenerating Lisp code from pr_control_msgs/TriggerAction.msg[0m
[ 35%] [34m[1mGenerating Javascript code from pr_control_msgs/SetPositionActionFeedback.msg[0m
[ 35%] [34m[1mGenerating Python from MSG pr_control_msgs/SetPositionAction[0m
[ 35%] [34m[1mGenerating EusLisp code from pr_control_msgs/SetPositionFeedback.msg[0m
[ 36%] [34m[1mGenerating Lisp code from pr_control_msgs/TriggerActionGoal.msg[0m
[ 37%] [34m[1mGenerating Python from MSG pr_control_msgs/SetPositionActionGoal[0m
[ 37%] [34m[1mGenerating Python from MSG pr_control_msgs/SetPositionActionResult[0m
[ 38%] [34m[1mGenerating C++ code from pr_control_msgs/TriggerActionFeedback.msg[0m
[ 39%] [34m[1mGenerating Javascript code from pr_control_msgs/SetPositionGoal.msg[0m
[ 40%] [34m[1mGenerating EusLisp code from pr_control_msgs/TriggerAction.msg[0m
[ 40%] [34m[1mGenerating Lisp code from pr_control_msgs/TriggerActionResult.msg[0m
[ 40%] [34m[1mGenerating Javascript code from pr_control_msgs/SetPositionResult.msg[0m
[ 41%] [34m[1mGenerating Python from MSG pr_control_msgs/SetPositionActionFeedback[0m
[ 42%] [34m[1mGenerating Javascript code from pr_control_msgs/SetPositionFeedback.msg[0m
[ 42%] [34m[1mGenerating Javascript code from pr_control_msgs/TriggerAction.msg[0m
[ 43%] [34m[1mGenerating Javascript code from pr_control_msgs/TriggerActionGoal.msg[0m
[ 44%] [34m[1mGenerating Lisp code from pr_control_msgs/TriggerActionFeedback.msg[0m
[ 44%] [34m[1mGenerating Javascript code from pr_control_msgs/TriggerActionResult.msg[0m
[ 44%] [34m[1mGenerating C++ code from pr_control_msgs/TriggerGoal.msg[0m
[ 45%] [34m[1mGenerating Python from MSG pr_control_msgs/SetPositionGoal[0m
[ 45%] [34m[1mGenerating EusLisp code from pr_control_msgs/TriggerActionGoal.msg[0m
[ 45%] [34m[1mGenerating Python from MSG pr_control_msgs/SetPositionResult[0m
[ 46%] [34m[1mGenerating C++ code from pr_control_msgs/TriggerResult.msg[0m
[ 47%] [34m[1mGenerating Lisp code from pr_control_msgs/TriggerGoal.msg[0m
[ 47%] [34m[1mGenerating Lisp code from pr_control_msgs/TriggerResult.msg[0m
[ 48%] [34m[1mGenerating EusLisp code from pr_control_msgs/TriggerActionResult.msg[0m
[ 48%] [34m[1mGenerating EusLisp code from pr_control_msgs/TriggerActionFeedback.msg[0m
[ 50%] [34m[1mGenerating Lisp code from pr_control_msgs/TriggerFeedback.msg[0m
[ 51%] [34m[1mGenerating Javascript code from pr_control_msgs/TriggerActionFeedback.msg[0m
[ 51%] [34m[1mGenerating Javascript code from pr_control_msgs/TriggerGoal.msg[0m
[ 51%] [34m[1mGenerating Lisp code from pr_control_msgs/JointGroupCommandAction.msg[0m
[ 51%] [34m[1mGenerating Lisp code from pr_control_msgs/JointGroupCommandActionResult.msg[0m
[ 52%] [34m[1mGenerating Lisp code from pr_control_msgs/JointGroupCommandActionGoal.msg[0m
[ 53%] [34m[1mGenerating C++ code from pr_control_msgs/TriggerFeedback.msg[0m
[ 53%] [34m[1mGenerating EusLisp code from pr_control_msgs/TriggerGoal.msg[0m
[ 54%] [34m[1mGenerating C++ code from pr_control_msgs/JointGroupCommandAction.msg[0m
[ 55%] [34m[1mGenerating EusLisp code from pr_control_msgs/TriggerResult.msg[0m
[ 55%] [34m[1mGenerating EusLisp code from pr_control_msgs/TriggerFeedback.msg[0m
[ 56%] [34m[1mGenerating Python from MSG pr_control_msgs/TriggerAction[0m
[ 56%] [34m[1mGenerating Lisp code from pr_control_msgs/JointGroupCommandActionFeedback.msg[0m
[ 58%] [34m[1mGenerating Javascript code from pr_control_msgs/TriggerResult.msg[0m
[ 58%] [34m[1mGenerating Python from MSG pr_control_msgs/SetPositionFeedback[0m
[ 58%] [34m[1mGenerating C++ code from pr_control_msgs/JointGroupCommandActionGoal.msg[0m
[ 59%] [34m[1mGenerating C++ code from pr_control_msgs/JointGroupCommandActionResult.msg[0m
[ 60%] [34m[1mGenerating EusLisp code from pr_control_msgs/JointGroupCommandAction.msg[0m
[ 60%] [34m[1mGenerating EusLisp code from pr_control_msgs/JointGroupCommandActionGoal.msg[0m
[ 60%] [34m[1mGenerating C++ code from pr_control_msgs/JointGroupCommandActionFeedback.msg[0m
[ 61%] [34m[1mGenerating Python from MSG pr_control_msgs/TriggerActionGoal[0m
[ 61%] [34m[1mGenerating Lisp code from pr_control_msgs/JointGroupCommandGoal.msg[0m
[ 61%] [34m[1mGenerating Javascript code from pr_control_msgs/TriggerFeedback.msg[0m
[ 62%] [34m[1mGenerating C++ code from pr_control_msgs/JointGroupCommandGoal.msg[0m
[ 63%] [34m[1mGenerating EusLisp code from pr_control_msgs/JointGroupCommandActionResult.msg[0m
[ 63%] [34m[1mGenerating Python from MSG pr_control_msgs/TriggerActionResult[0m
[ 64%] [34m[1mGenerating Javascript code from pr_control_msgs/JointGroupCommandAction.msg[0m
[ 64%] [34m[1mGenerating EusLisp code from pr_control_msgs/JointGroupCommandActionFeedback.msg[0m
[ 65%] [34m[1mGenerating Lisp code from pr_control_msgs/JointGroupCommandResult.msg[0m
[ 66%] [34m[1mGenerating EusLisp code from pr_control_msgs/JointGroupCommandGoal.msg[0m
[ 67%] [34m[1mGenerating Python from MSG pr_control_msgs/TriggerActionFeedback[0m
[ 67%] [34m[1mGenerating Python from MSG pr_control_msgs/TriggerGoal[0m
[ 68%] [34m[1mGenerating Javascript code from pr_control_msgs/JointGroupCommandActionGoal.msg[0m
[ 69%] [34m[1mGenerating EusLisp code from pr_control_msgs/JointGroupCommandResult.msg[0m
[ 69%] [34m[1mGenerating C++ code from pr_control_msgs/JointGroupCommandResult.msg[0m
[ 69%] [34m[1mGenerating EusLisp code from pr_control_msgs/JointGroupCommandFeedback.msg[0m
[ 69%] [34m[1mGenerating Lisp code from pr_control_msgs/JointGroupCommandFeedback.msg[0m
[ 70%] [34m[1mGenerating Python from MSG pr_control_msgs/TriggerResult[0m
[ 71%] [34m[1mGenerating Python from MSG pr_control_msgs/TriggerFeedback[0m
[ 71%] [34m[1mGenerating C++ code from pr_control_msgs/JointGroupCommandFeedback.msg[0m
[ 71%] [34m[1mGenerating Javascript code from pr_control_msgs/JointGroupCommandActionResult.msg[0m
[ 71%] [34m[1mGenerating EusLisp code from pr_control_msgs/JointModeCommandAction.msg[0m
[ 72%] [34m[1mGenerating Lisp code from pr_control_msgs/JointModeCommandAction.msg[0m
[ 73%] [34m[1mGenerating Javascript code from pr_control_msgs/JointGroupCommandActionFeedback.msg[0m
[ 73%] [34m[1mGenerating Lisp code from pr_control_msgs/JointModeCommandActionGoal.msg[0m
[ 75%] [34m[1mGenerating EusLisp code from pr_control_msgs/JointModeCommandActionGoal.msg[0m
[ 75%] [34m[1mGenerating EusLisp code from pr_control_msgs/JointModeCommandActionFeedback.msg[0m
[ 76%] [34m[1mGenerating EusLisp code from pr_control_msgs/JointModeCommandActionResult.msg[0m
[ 77%] [34m[1mGenerating Python from MSG pr_control_msgs/JointGroupCommandAction[0m
[ 78%] [34m[1mGenerating Lisp code from pr_control_msgs/JointModeCommandActionResult.msg[0m
[ 79%] [34m[1mGenerating EusLisp code from pr_control_msgs/JointModeCommandGoal.msg[0m
[ 80%] [34m[1mGenerating Lisp code from pr_control_msgs/JointModeCommandActionFeedback.msg[0m
[ 81%] [34m[1mGenerating Javascript code from pr_control_msgs/JointGroupCommandResult.msg[0m
[ 81%] [34m[1mGenerating EusLisp code from pr_control_msgs/JointModeCommandResult.msg[0m
[ 81%] [34m[1mGenerating Javascript code from pr_control_msgs/JointGroupCommandGoal.msg[0m
[ 82%] [34m[1mGenerating C++ code from pr_control_msgs/JointModeCommandAction.msg[0m
[ 83%] [34m[1mGenerating Python from MSG pr_control_msgs/JointGroupCommandActionResult[0m
[ 83%] [34m[1mGenerating Javascript code from pr_control_msgs/JointGroupCommandFeedback.msg[0m
[ 83%] [34m[1mGenerating Python from MSG pr_control_msgs/JointGroupCommandActionGoal[0m
[ 84%] [34m[1mGenerating EusLisp code from pr_control_msgs/JointModeCommandFeedback.msg[0m
[ 85%] [34m[1mGenerating Python from MSG pr_control_msgs/JointGroupCommandActionFeedback[0m
[ 85%] [34m[1mGenerating Python from MSG pr_control_msgs/JointGroupCommandGoal[0m
[ 85%] [34m[1mGenerating Lisp code from pr_control_msgs/JointModeCommandGoal.msg[0m
[ 86%] [34m[1mGenerating Lisp code from pr_control_msgs/JointModeCommandResult.msg[0m
[ 86%] [34m[1mGenerating Lisp code from pr_control_msgs/JointModeCommandFeedback.msg[0m
[ 86%] [34m[1mGenerating EusLisp manifest code for pr_control_msgs[0m
[ 86%] [34m[1mGenerating Javascript code from pr_control_msgs/JointModeCommandActionGoal.msg[0m
[ 89%] [34m[1mGenerating Javascript code from pr_control_msgs/JointModeCommandAction.msg[0m
[ 89%] [34m[1mGenerating Python from MSG pr_control_msgs/JointGroupCommandResult[0m
[ 89%] [34m[1mGenerating Python from MSG pr_control_msgs/JointGroupCommandFeedback[0m
[ 89%] [34m[1mGenerating Javascript code from pr_control_msgs/JointModeCommandActionResult.msg[0m
[ 90%] [34m[1mGenerating Python from MSG pr_control_msgs/JointModeCommandAction[0m
[ 90%] [34m[1mGenerating C++ code from pr_control_msgs/JointModeCommandActionGoal.msg[0m
[ 93%] [34m[1mGenerating Python from MSG pr_control_msgs/JointModeCommandActionResult[0m
[ 93%] [34m[1mGenerating Javascript code from pr_control_msgs/JointModeCommandGoal.msg[0m
[ 93%] [34m[1mGenerating Javascript code from pr_control_msgs/JointModeCommandResult.msg[0m
[ 93%] [34m[1mGenerating Javascript code from pr_control_msgs/JointModeCommandActionFeedback.msg[0m
[ 93%] [34m[1mGenerating Python from MSG pr_control_msgs/JointModeCommandActionGoal[0m
[ 94%] [34m[1mGenerating C++ code from pr_control_msgs/JointModeCommandActionFeedback.msg[0m
[ 94%] [34m[1mGenerating C++ code from pr_control_msgs/JointModeCommandActionResult.msg[0m
[ 95%] [34m[1mGenerating C++ code from pr_control_msgs/JointModeCommandGoal.msg[0m
[ 95%] Built target pr_control_msgs_generate_messages_lisp
[ 96%] [34m[1mGenerating Python from MSG pr_control_msgs/JointModeCommandGoal[0m
[ 96%] [34m[1mGenerating Python from MSG pr_control_msgs/JointModeCommandActionFeedback[0m
[ 97%] [34m[1mGenerating Javascript code from pr_control_msgs/JointModeCommandFeedback.msg[0m
[ 97%] [34m[1mGenerating Python from MSG pr_control_msgs/JointModeCommandResult[0m
[ 97%] [34m[1mGenerating Python from MSG pr_control_msgs/JointModeCommandFeedback[0m
[ 97%] [34m[1mGenerating C++ code from pr_control_msgs/JointModeCommandResult.msg[0m
[ 98%] [34m[1mGenerating C++ code from pr_control_msgs/JointModeCommandFeedback.msg[0m
[ 98%] Built target pr_control_msgs_generate_messages_nodejs
[100%] [34m[1mGenerating Python msg __init__.py for pr_control_msgs[0m
[100%] Built target pr_control_msgs_generate_messages_cpp
[100%] Built target pr_control_msgs_generate_messages_py
[100%] Built target pr_control_msgs_generate_messages_eus
[35m[1mScanning dependencies of target pr_control_msgs_generate_messages[0m
[100%] Built target pr_control_msgs_generate_messages
