[  0%] Built target sensor_msgs_generate_messages_cpp
[  0%] Built target trajectory_msgs_generate_messages_cpp
[  0%] Built target std_msgs_generate_messages_cpp
[  0%] Built target _pr_control_msgs_generate_messages_check_deps_JointGroupCommandFeedback
[  0%] Built target _pr_control_msgs_generate_messages_check_deps_SetForceTorqueThresholdFeedback
[  0%] Built target _pr_control_msgs_generate_messages_check_deps_SetForceTorqueThresholdActionGoal
[  0%] Built target _pr_control_msgs_generate_messages_check_deps_JointModeCommandFeedback
[  0%] Built target _pr_control_msgs_generate_messages_check_deps_JointGroupCommandResult
[  0%] Built target _pr_control_msgs_generate_messages_check_deps_SetForceTorqueThresholdResult
[  0%] Built target _pr_control_msgs_generate_messages_check_deps_SetPositionFeedback
[  0%] Built target _pr_control_msgs_generate_messages_check_deps_SetForceTorqueThresholdAction
[  0%] Built target _pr_control_msgs_generate_messages_check_deps_TriggerAction
[  0%] Built target _pr_control_msgs_generate_messages_check_deps_JointModeCommandAction
[  0%] Built target _pr_control_msgs_generate_messages_check_deps_TriggerFeedback
[  0%] Built target _pr_control_msgs_generate_messages_check_deps_TriggerActionFeedback
[  0%] Built target _pr_control_msgs_generate_messages_check_deps_JointModeCommandResult
[  0%] Built target _pr_control_msgs_generate_messages_check_deps_SetForceTorqueThresholdActionResult
[  0%] Built target _pr_control_msgs_generate_messages_check_deps_JointModeCommandActionResult
[  0%] Built target _pr_control_msgs_generate_messages_check_deps_JointGroupCommandActionResult
[  0%] Built target actionlib_msgs_generate_messages_cpp
[  0%] Built target _pr_control_msgs_generate_messages_check_deps_SetForceTorqueThresholdActionFeedback
[  0%] Built target _pr_control_msgs_generate_messages_check_deps_SetPositionActionFeedback
[  0%] Built target _pr_control_msgs_generate_messages_check_deps_JointGroupCommandActionGoal
[  0%] Built target _pr_control_msgs_generate_messages_check_deps_SetForceTorqueThresholdGoal
[  0%] Built target _pr_control_msgs_generate_messages_check_deps_SetPositionAction
[  0%] Built target _pr_control_msgs_generate_messages_check_deps_JointModeCommandActionGoal
[  0%] Built target _pr_control_msgs_generate_messages_check_deps_JointGroupCommandAction
[  0%] Built target _pr_control_msgs_generate_messages_check_deps_TriggerGoal
[  0%] Built target _pr_control_msgs_generate_messages_check_deps_SetPositionActionGoal
[  0%] Built target _pr_control_msgs_generate_messages_check_deps_SetPositionActionResult
[  0%] Built target _pr_control_msgs_generate_messages_check_deps_TriggerActionGoal
[  0%] Built target _pr_control_msgs_generate_messages_check_deps_JointModeCommandGoal
[  0%] Built target _pr_control_msgs_generate_messages_check_deps_SetPositionGoal
[  0%] Built target _pr_control_msgs_generate_messages_check_deps_TriggerActionResult
[  0%] Built target _pr_control_msgs_generate_messages_check_deps_SetPositionResult
[  0%] Built target sensor_msgs_generate_messages_py
[  0%] Built target std_msgs_generate_messages_py
[  0%] Built target _pr_control_msgs_generate_messages_check_deps_JointModeCommandActionFeedback
[  0%] Built target actionlib_msgs_generate_messages_py
[  0%] Built target trajectory_msgs_generate_messages_py
[  0%] Built target std_msgs_generate_messages_nodejs
[  0%] Built target sensor_msgs_generate_messages_nodejs
[  0%] Built target actionlib_msgs_generate_messages_nodejs
[  0%] Built target _pr_control_msgs_generate_messages_check_deps_TriggerResult
[  0%] Built target actionlib_msgs_generate_messages_lisp
[  0%] Built target trajectory_msgs_generate_messages_lisp
[  0%] Built target trajectory_msgs_generate_messages_nodejs
[  0%] Built target sensor_msgs_generate_messages_lisp
[  0%] Built target std_msgs_generate_messages_lisp
[  0%] Built target trajectory_msgs_generate_messages_eus
[  0%] Built target actionlib_msgs_generate_messages_eus
[  0%] Built target std_msgs_generate_messages_eus
[  0%] Built target sensor_msgs_generate_messages_eus
[  0%] Built target _pr_control_msgs_generate_messages_check_deps_JointGroupCommandActionFeedback
[  0%] Built target _pr_control_msgs_generate_messages_check_deps_JointGroupCommandGoal
[ 19%] Built target pr_control_msgs_generate_messages_lisp
[ 39%] Built target pr_control_msgs_generate_messages_cpp
[ 64%] Built target pr_control_msgs_generate_messages_eus
[ 85%] Built target pr_control_msgs_generate_messages_py
[100%] Built target pr_control_msgs_generate_messages_nodejs
[100%] Built target pr_control_msgs_generate_messages
