[ 12%] [34m[1mGenerating dynamic reconfigure files from cfg/Filter.cfg: /home/emprise/wholearm_ws/controller_ws/devel/.private/wholearm_skin_ros/include/wholearm_skin_ros/FilterConfig.h /home/emprise/wholearm_ws/controller_ws/devel/.private/wholearm_skin_ros/lib/python3/dist-packages/wholearm_skin_ros/cfg/FilterConfig.py[0m
[ 12%] Built target std_msgs_generate_messages_py
[ 12%] Built target std_msgs_generate_messages_nodejs
[ 12%] Built target std_msgs_generate_messages_eus
[ 12%] Built target std_msgs_generate_messages_cpp
[ 12%] Built target std_msgs_generate_messages_lisp
[ 12%] Built target _wholearm_skin_ros_generate_messages_check_deps_TaxelData
[35m[1mScanning dependencies of target wholearm_skin_ros_generate_messages_nodejs[0m
[35m[1mScanning dependencies of target wholearm_skin_ros_generate_messages_cpp[0m
[35m[1mScanning dependencies of target wholearm_skin_ros_generate_messages_lisp[0m
[35m[1mScanning dependencies of target wholearm_skin_ros_generate_messages_eus[0m
[35m[1mScanning dependencies of target wholearm_skin_ros_generate_messages_py[0m
[ 25%] [34m[1mGenerating Javascript code from wholearm_skin_ros/TaxelData.msg[0m
[ 37%] [34m[1mGenerating C++ code from wholearm_skin_ros/TaxelData.msg[0m
[ 62%] [34m[1mGenerating Lisp code from wholearm_skin_ros/TaxelData.msg[0m
[ 62%] [34m[1mGenerating Python from MSG wholearm_skin_ros/TaxelData[0m
[ 75%] [34m[1mGenerating EusLisp code from wholearm_skin_ros/TaxelData.msg[0m
[ 87%] [34m[1mGenerating EusLisp manifest code for wholearm_skin_ros[0m
Generating reconfiguration files for Filter in wholearm_skin_ros
Wrote header file in /home/emprise/wholearm_ws/controller_ws/devel/.private/wholearm_skin_ros/include/wholearm_skin_ros/FilterConfig.h
[ 87%] Built target wholearm_skin_ros_generate_messages_lisp
[ 87%] Built target wholearm_skin_ros_generate_messages_nodejs
[ 87%] Built target wholearm_skin_ros_gencfg
[ 87%] Built target wholearm_skin_ros_generate_messages_cpp
[100%] [34m[1mGenerating Python msg __init__.py for wholearm_skin_ros[0m
[100%] Built target wholearm_skin_ros_generate_messages_py
[100%] Built target wholearm_skin_ros_generate_messages_eus
[35m[1mScanning dependencies of target wholearm_skin_ros_generate_messages[0m
[100%] Built target wholearm_skin_ros_generate_messages
