[  0%] Built target std_msgs_generate_messages_cpp
[ 12%] Built target std_msgs_generate_messages_nodejs
[ 12%] Built target std_msgs_generate_messages_py
[ 12%] [34m[1mGenerating dynamic reconfigure files from cfg/Filter.cfg: /home/emprise/wholearm_ws/controller_ws/devel/.private/wholearm_skin_ros/include/wholearm_skin_ros/FilterConfig.h /home/emprise/wholearm_ws/controller_ws/devel/.private/wholearm_skin_ros/lib/python3/dist-packages/wholearm_skin_ros/cfg/FilterConfig.py[0m
[ 12%] Built target std_msgs_generate_messages_eus
[ 12%] Built target std_msgs_generate_messages_lisp
Traceback (most recent call last):
  File "/home/emprise/wholearm_ws/controller_ws/src/wholearm_skin_ros/cfg/Filter.cfg", line 4, in <module>
    from dynamic_reconfigure.parameter_generator_catkin import *
  File "/opt/ros/noetic/lib/python3/dist-packages/dynamic_reconfigure/__init__.py", line 38, in <module>
    import roslib
  File "/opt/ros/noetic/lib/python3/dist-packages/roslib/__init__.py", line 50, in <module>
    from roslib.launcher import load_manifest  # noqa: F401
  File "/opt/ros/noetic/lib/python3/dist-packages/roslib/launcher.py", line 42, in <module>
    import rospkg
ModuleNotFoundError: No module named 'rospkg'
make[2]: *** [CMakeFiles/wholearm_skin_ros_gencfg.dir/build.make:64: /home/emprise/wholearm_ws/controller_ws/devel/.private/wholearm_skin_ros/include/wholearm_skin_ros/FilterConfig.h] Error 1
make[1]: *** [CMakeFiles/Makefile2:165: CMakeFiles/wholearm_skin_ros_gencfg.dir/all] Error 2
make[1]: *** Waiting for unfinished jobs....
[ 12%] Built target _wholearm_skin_ros_generate_messages_check_deps_TaxelData
make: *** [Makefile:141: all] Error 2
